<?xml version="1.0" encoding="utf-8"?><testsuites name="pytest tests"><testsuite name="pytest" errors="2" failures="0" skipped="0" tests="8" time="9.276" timestamp="2026-08-21T08:49:19.990045+00:00" hostname="agent-env-ec3cab9d-296d-431e-a21d-37896209ec78"><testcase classname="tests.test_chat_models.TestAnonymousChat" name="test_openai_stream" time="3.988" /><testcase classname="tests.test_chat_models.TestAuthenticatedChat" name="test_claude_authenticated" time="2.388"><error message="failed on setup with &quot;assert None&quot;">tests/test_chat_models.py:30: in token
    assert tok
E   assert None</error></testcase><testcase classname="tests.test_chat_models.TestAuthenticatedChat" name="test_openai_authenticated_no_model" time="0.000"><error message="failed on setup with &quot;assert None&quot;">tests/test_chat_models.py:30: in token
    assert tok
E   assert None</error></testcase><testcase classname="tests.test_chat_models.TestAuthenticatedChat" name="test_invalid_token_still_works_anonymously" time="5.819" /><testcase classname="tests.test_chat_models.TestAnonymousChat" name="test_claude_stream" time="2.927" /><testcase classname="tests.test_chat_models.TestAnonymousChat" name="test_unknown_model_falls_back" time="1.017" /><testcase classname="tests.test_chat_models.TestAnonymousChat" name="test_no_model_field_defaults_openai" time="0.773" /><testcase classname="tests.test_chat_models.TestChatModels" name="test_models_public" time="0.034" /></testsuite></testsuites>