<?xml version="1.0" encoding="utf-8"?><testsuites name="pytest tests"><testsuite name="pytest" errors="0" failures="1" skipped="0" tests="42" time="3.871" timestamp="2026-08-25T07:02:57.586104+00:00" hostname="agent-env-ec3cab9d-296d-431e-a21d-37896209ec78"><testcase classname="tests.test_iteration14_upi.TestRegressions" name="test_bank_flow_still_works" time="0.972" /><testcase classname="tests.test_iteration15_dedupe.TestResolveDuplicate" name="test_missing_drop_id_422" time="0.804" /><testcase classname="tests.test_iteration15_dedupe.TestResolveDuplicate" name="test_missing_keep_id_422" time="0.040" /><testcase classname="tests.test_iteration15_dedupe.TestResolveDuplicate" name="test_empty_body_422" time="0.039" /><testcase classname="tests.test_iteration15_dedupe.TestResolveDuplicate" name="test_same_id_400" time="0.041" /><testcase classname="tests.test_iteration15_dedupe.TestResolveDuplicate" name="test_bogus_keep_valid_drop_404_and_no_delete" time="0.072" /><testcase classname="tests.test_iteration14_upi.TestRegressions" name="test_no_double_count_when_dates_differ_by_days" time="0.441" /><testcase classname="tests.test_iteration15_dedupe.TestResolveDuplicate" name="test_valid_keep_bogus_drop_404" time="0.054" /><testcase classname="tests.test_iteration15_dedupe.TestResolveDuplicate" name="test_happy_path_200" time="0.074" /><testcase classname="tests.test_iteration15_dedupe.TestResolveDuplicate" name="test_requires_auth" time="0.118" /><testcase classname="tests.test_iteration15_dedupe.TestDoubleCount" name="test_no_double_count_with_settlement_lag" time="0.047"><failure message="AssertionError: 1500 pair not in verified_matches: {'bank_total': 7, 'upi_total': 2, 'verified': 0, 'possible': 1, 'upi_only': 1, 'bank_only': 6}&#10;assert None">tests/test_iteration15_dedupe.py:128: in test_no_double_count_with_settlement_lag
    assert match, f"1500 pair not in verified_matches: {vd['counts']}"
E   AssertionError: 1500 pair not in verified_matches: {'bank_total': 7, 'upi_total': 2, 'verified': 0, 'possible': 1, 'upi_only': 1, 'bank_only': 6}
E   assert None</failure></testcase><testcase classname="tests.test_iteration15_dedupe.TestDoubleCount" name="test_exact_date_match_still_dedupes" time="0.041" /><testcase classname="tests.test_iteration15_dedupe.TestDoubleCount" name="test_bank_only_is_noop" time="0.043" /><testcase classname="tests.test_iteration15_dedupe.TestDoubleCount" name="test_non_matching_pairs_both_kept[upi_over0-amount mismatch]" time="0.041" /><testcase classname="tests.test_iteration14_upi.TestRegressions" name="test_goals_list" time="0.034" /><testcase classname="tests.test_iteration14_upi.TestRegressions" name="test_whatif_subscription" time="0.113" /><testcase classname="tests.test_iteration15_dedupe.TestDoubleCount" name="test_non_matching_pairs_both_kept[upi_over1-type mismatch]" time="0.045" /><testcase classname="tests.test_iteration15_dedupe.TestDoubleCount" name="test_non_matching_pairs_both_kept[upi_over2-date gap &gt; 3d]" time="0.049" /><testcase classname="tests.test_iteration15_dedupe.TestDoubleCount" name="test_possible_match_bank_row_behaviour" time="0.076" /><testcase classname="tests.test_iteration14_upi.TestRegressions" name="test_whatif_twin" time="0.036" /><testcase classname="tests.test_iteration14_upi.TestRegressions" name="test_settings_preferences" time="0.073" /><testcase classname="tests.test_iteration14_upi.TestRegressions" name="test_google_start_redirects" time="0.253" /><testcase classname="tests.test_iteration14_upi.TestRegressions" name="test_demo_overview_public" time="0.102" /><testcase classname="tests.test_iteration14_upi.TestResolveDuplicate" name="test_resolve_duplicate_deletes_and_tags" time="0.600" /><testcase classname="tests.test_iteration14_upi.TestImportAndVerify" name="test_import_persists_upi_metadata" time="0.565" /><testcase classname="tests.test_iteration14_upi.TestImportAndVerify" name="test_verify_shape_and_verified_matches" time="0.028" /><testcase classname="tests.test_iteration14_upi.TestImportAndVerify" name="test_verify_month_filter" time="0.060" /><testcase classname="tests.test_iteration14_upi.TestImportAndVerify" name="test_verify_requires_auth" time="0.075" /><testcase classname="tests.test_iteration14_upi.TestImportAndVerify" name="test_overview_dedupes_across_sources" time="0.030" /><testcase classname="tests.test_iteration15_dedupe.TestMiscRegressions" name="test_auth_me_has_picture" time="0.085" /><testcase classname="tests.test_iteration15_dedupe.TestMiscRegressions" name="test_google_start_302" time="0.086" /><testcase classname="tests.test_iteration15_dedupe.TestMiscRegressions" name="test_overview_shape" time="0.037" /><testcase classname="tests.test_iteration14_upi.TestUpiPreview" name="test_preview_upi_guess_has_upi_fields" time="0.150" /><testcase classname="tests.test_iteration14_upi.TestResolveDuplicate" name="test_resolve_duplicate_foreign_id_404" time="0.035" /><testcase classname="tests.test_iteration14_upi.TestResolveDuplicate" name="test_resolve_duplicate_missing_fields_422" time="0.034" /><testcase classname="tests.test_iteration14_upi.TestResolveDuplicate" name="test_resolve_duplicate_requires_auth" time="0.261" /><testcase classname="tests.test_iteration14_upi.TestUpiPreview" name="test_preview_bank_has_no_upi_fields" time="0.073" /><testcase classname="tests.test_iteration14_upi.TestUpiPreview" name="test_preview_requires_auth" time="0.068" /><testcase classname="tests.test_iteration15_dedupe.TestVerifyPayload" name="test_no_internal_fields_leaked" time="0.046" /><testcase classname="tests.test_iteration14_upi.TestUpiParse" name="test_parse_upi_fields_and_categories" time="0.111" /><testcase classname="tests.test_iteration14_upi.TestUpiParse" name="test_positive_amount_no_type_hint_defaults_expense" time="0.112" /><testcase classname="tests.test_iteration14_upi.TestUpiParse" name="test_parse_invalid_mapping_json_400" time="0.076" /></testsuite></testsuites>