<?xml version="1.0" encoding="utf-8"?><testsuites name="pytest tests"><testsuite name="pytest" errors="0" failures="0" skipped="0" tests="12" time="1.902" timestamp="2026-08-25T07:05:23.467317+00:00" hostname="agent-env-ec3cab9d-296d-431e-a21d-37896209ec78"><testcase classname="tests.test_iteration16_dedupe_boundary.TestScoreBoundaryUnit" name="test_ref_match_1day_scores_exactly_085_and_dedupes" time="0.014" /><testcase classname="tests.test_iteration16_dedupe_boundary.TestScoreBoundaryUnit" name="test_score_075_is_possible_and_not_deduped" time="0.008" /><testcase classname="tests.test_iteration16_dedupe_boundary.TestScoreBoundaryUnit" name="test_bare_amount_date_match_scores_06_possible" time="0.007" /><testcase classname="tests.test_iteration16_dedupe_boundary.TestScoreBoundaryUnit" name="test_synthetic_084_not_deduped" time="0.009" /><testcase classname="tests.test_iteration16_dedupe_boundary.TestScoreBoundaryUnit" name="test_synthetic_085_deduped" time="0.007" /><testcase classname="tests.test_iteration16_dedupe_boundary.TestScoreBoundaryUnit" name="test_one_upi_cannot_consume_two_bank_rows" time="0.007" /><testcase classname="tests.test_iteration16_dedupe_boundary.TestScoreBoundaryUnit" name="test_missing_id_docs_are_skipped_not_crashing" time="0.007" /><testcase classname="tests.test_iteration16_dedupe_boundary.TestBoundaryApi" name="test_verified_pair_deduped_possible_pair_kept" time="0.674" /><testcase classname="tests.test_iteration16_dedupe_boundary.TestBoundaryApi" name="test_verify_does_not_leak_internal_id_sets" time="0.047" /><testcase classname="tests.test_iteration16_dedupe_boundary.TestBoundaryApi" name="test_legacy_doc_without_id_does_not_break_endpoints" time="0.076" /><testcase classname="tests.test_iteration16_dedupe_boundary.TestBoundaryApi" name="test_verify_month_scoping_unaffected" time="0.075" /><testcase classname="tests.test_iteration16_dedupe_boundary.TestResolveDuplicateRegression" name="test_422_400_404_and_happy_path" time="0.426" /></testsuite></testsuites>