<?xml version="1.0" encoding="utf-8"?><testsuites name="pytest tests"><testsuite name="pytest" errors="0" failures="0" skipped="5" tests="137" time="28.756" timestamp="2026-08-25T07:08:05.775716+00:00" hostname="agent-env-ec3cab9d-296d-431e-a21d-37896209ec78"><testcase classname="tests.test_iteration13.TestDigitalTwin" name="test_requires_auth" time="0.318" /><testcase classname="tests.test_iteration12.TestGoals" name="test_create_assigns_order_and_persists" time="0.673" /><testcase classname="tests.test_iteration12.TestGoals" name="test_create_validation" time="0.076" /><testcase classname="tests.test_iteration13.TestDigitalTwin" name="test_default_shape" time="0.432" /><testcase classname="tests.test_iteration12.TestGoals" name="test_update_goal" time="0.181" /><testcase classname="tests.test_iteration13.TestDigitalTwin" name="test_scenarios_beat_baseline" time="0.034" /><testcase classname="tests.test_iteration13.TestDigitalTwin" name="test_lump_sum_scenario" time="0.031" /><testcase classname="tests.test_iteration13.TestDigitalTwin" name="test_overrides_applied" time="0.098" /><testcase classname="tests.test_iteration13.TestDigitalTwin" name="test_zero_savings_edge" time="0.033" /><testcase classname="tests.test_iteration13.TestDigitalTwin" name="test_validation_422[bad0]" time="0.235" /><testcase classname="tests.test_iteration13.TestDigitalTwin" name="test_validation_422[bad1]" time="0.089" /><testcase classname="tests.test_iteration12.TestGoals" name="test_update_cross_user_404" time="0.432" /><testcase classname="tests.test_iteration13.TestDigitalTwin" name="test_validation_422[bad2]" time="0.031" /><testcase classname="tests.test_iteration13.TestDigitalTwin" name="test_does_not_mutate" time="0.242" /><testcase classname="tests.test_iteration12.TestGoals" name="test_update_unknown_404" time="0.037" /><testcase classname="tests.test_iteration12.TestGoals" name="test_reorder_persists" time="0.443" /><testcase classname="tests.test_iteration12.TestGoals" name="test_reorder_unknown_id_404" time="0.055" /><testcase classname="tests.test_iteration15_dedupe.TestResolveDuplicate" name="test_missing_drop_id_422" time="0.376" /><testcase classname="tests.test_iteration12.TestGoals" name="test_reorder_other_user_id_404" time="0.061" /><testcase classname="tests.test_iteration15_dedupe.TestResolveDuplicate" name="test_missing_keep_id_422" time="0.078" /><testcase classname="tests.test_iteration12.TestGoals" name="test_reorder_empty_list" time="0.076" /><testcase classname="tests.test_iteration15_dedupe.TestResolveDuplicate" name="test_empty_body_422" time="0.047" /><testcase classname="tests.test_iteration12.TestGoals" name="test_delete_cross_user_then_own" time="0.274" /><testcase classname="tests.test_iteration15_dedupe.TestResolveDuplicate" name="test_same_id_400" time="0.068" /><testcase classname="tests.test_iteration15_dedupe.TestResolveDuplicate" name="test_bogus_keep_valid_drop_404_and_no_delete" time="0.073" /><testcase classname="tests.test_iteration15_dedupe.TestResolveDuplicate" name="test_valid_keep_bogus_drop_404" time="0.042" /><testcase classname="tests.test_iteration15_dedupe.TestResolveDuplicate" name="test_happy_path_200" time="0.120" /><testcase classname="tests.test_iteration12.TestGoals" name="test_goals_unauth" time="0.032" /><testcase classname="tests.test_iteration12.TestGoals" name="test_empty_goals_user_overview" time="0.738" /><testcase classname="tests.test_iteration15_dedupe.TestResolveDuplicate" name="test_requires_auth" time="0.084" /><testcase classname="tests.test_iteration14_upi.TestRegressions" name="test_bank_flow_still_works" time="0.470" /><testcase classname="tests.test_iteration14_upi.TestRegressions" name="test_no_double_count_when_dates_differ_by_days" time="0.631" /><testcase classname="tests.test_iteration13.TestGoalPriorityPatch" name="test_patch_priority_only_persists" time="0.552" /><testcase classname="tests.test_iteration14_upi.TestRegressions" name="test_goals_list" time="0.039" /><testcase classname="tests.test_iteration14_upi.TestRegressions" name="test_whatif_subscription" time="0.087" /><testcase classname="tests.test_iteration13.TestGoalPriorityPatch" name="test_all_three_priorities[High]" time="0.191" /><testcase classname="tests.test_iteration14_upi.TestRegressions" name="test_whatif_twin" time="0.038" /><testcase classname="tests.test_iteration14_upi.TestRegressions" name="test_settings_preferences" time="0.081" /><testcase classname="tests.test_iteration14_upi.TestRegressions" name="test_google_start_redirects" time="0.080" /><testcase classname="tests.test_iteration13.TestGoalPriorityPatch" name="test_all_three_priorities[Medium]" time="0.227" /><testcase classname="tests.test_iteration14_upi.TestRegressions" name="test_demo_overview_public" time="0.076" /><testcase classname="tests.test_iteration13.TestWhatIfSubscription" name="test_requires_auth" time="0.026" /><testcase classname="tests.test_iteration13.TestWhatIfSubscription" name="test_shape_and_math" time="0.033" /><testcase classname="tests.test_iteration13.TestWhatIfSubscription" name="test_validation_422[bad0]" time="0.030" /><testcase classname="tests.test_iteration13.TestWhatIfSubscription" name="test_validation_422[bad1]" time="0.032" /><testcase classname="tests.test_iteration13.TestGoalPriorityPatch" name="test_all_three_priorities[Low]" time="0.215" /><testcase classname="tests.test_iteration13.TestWhatIfSubscription" name="test_validation_422[bad2]" time="0.070" /><testcase classname="tests.test_iteration13.TestWhatIfSubscription" name="test_validation_422[bad3]" time="0.030" /><testcase classname="tests.test_iteration13.TestWhatIfSubscription" name="test_validation_422[bad4]" time="0.062" /><testcase classname="tests.test_iteration13.TestWhatIfSubscription" name="test_does_not_mutate_goals_or_transactions" time="0.302" /><testcase classname="tests.test_iteration13.TestGoalPriorityPatch" name="test_priority_change_does_not_move_card" time="0.372" /><testcase classname="tests.test_iteration13.TestRegressions" name="test_auth_me_has_picture" time="0.073" /><testcase classname="tests.test_iteration13.TestRegressions" name="test_auth_config" time="0.042" /><testcase classname="tests.test_iteration13.TestGoalPriorityPatch" name="test_patch_empty_body_400" time="0.223" /><testcase classname="tests.test_iteration13.TestRegressions" name="test_google_start_302" time="0.027" /><testcase classname="tests.test_iteration13.TestRegressions" name="test_demo_overview_public" time="0.035" /><testcase classname="tests.test_iteration13.TestRegressions" name="test_settings_preferences" time="0.074" /><testcase classname="tests.test_iteration13.TestRegressions" name="test_settings_export" time="0.039" /><testcase classname="tests.test_iteration13.TestRegressions" name="test_learn_articles" time="0.040" /><testcase classname="tests.test_iteration13.TestGoalPriorityPatch" name="test_patch_unknown_goal_404" time="0.034" /><testcase classname="tests.test_iteration13.TestRegressions" name="test_purchase_scenario_still_4_options" time="10.586" /><testcase classname="tests.test_iteration13.TestGoalPriorityPatch" name="test_patch_requires_auth" time="1.370" /><testcase classname="tests.test_iteration15_dedupe.TestDoubleCount" name="test_no_double_count_with_settlement_lag" time="0.443" /><testcase classname="tests.test_iteration15_dedupe.TestDoubleCount" name="test_exact_date_match_still_dedupes" time="0.043" /><testcase classname="tests.test_iteration15_dedupe.TestDoubleCount" name="test_bank_only_is_noop" time="0.042" /><testcase classname="tests.test_iteration15_dedupe.TestDoubleCount" name="test_non_matching_pairs_both_kept[upi_over0-amount mismatch]" time="0.044" /><testcase classname="tests.test_iteration15_dedupe.TestDoubleCount" name="test_non_matching_pairs_both_kept[upi_over1-type mismatch]" time="0.049" /><testcase classname="tests.test_iteration15_dedupe.TestDoubleCount" name="test_non_matching_pairs_both_kept[upi_over2-date gap &gt; 3d]" time="0.043" /><testcase classname="tests.test_iteration15_dedupe.TestDoubleCount" name="test_possible_match_bank_row_behaviour" time="0.070" /><testcase classname="tests.test_iteration12.TestPreferences" name="test_defaults_for_new_user" time="0.068" /><testcase classname="tests.test_iteration12.TestPreferences" name="test_partial_update_currency" time="0.093" /><testcase classname="tests.test_iteration12.TestPreferences" name="test_deep_merge_notifications" time="0.054" /><testcase classname="tests.test_iteration12.TestPreferences" name="test_bad_theme_coerced" time="0.071" /><testcase classname="tests.test_iteration12.TestPreferences" name="test_bad_priority_coerced" time="0.032" /><testcase classname="tests.test_iteration12.TestPreferences" name="test_valid_theme_persists" time="0.089" /><testcase classname="tests.test_iteration12.TestPreferences" name="test_unauth" time="0.079" /><testcase classname="tests.test_iteration12.TestWhatIfScenario" name="test_scenario_four_options" time="8.747" /><testcase classname="tests.test_iteration16_dedupe_boundary.TestScoreBoundaryUnit" name="test_ref_match_1day_scores_exactly_085_and_dedupes" time="0.009" /><testcase classname="tests.test_iteration16_dedupe_boundary.TestScoreBoundaryUnit" name="test_score_075_is_possible_and_not_deduped" time="0.007" /><testcase classname="tests.test_iteration16_dedupe_boundary.TestScoreBoundaryUnit" name="test_bare_amount_date_match_scores_06_possible" time="0.007" /><testcase classname="tests.test_iteration16_dedupe_boundary.TestScoreBoundaryUnit" name="test_synthetic_084_not_deduped" time="0.007" /><testcase classname="tests.test_iteration16_dedupe_boundary.TestScoreBoundaryUnit" name="test_synthetic_085_deduped" time="0.007" /><testcase classname="tests.test_iteration16_dedupe_boundary.TestScoreBoundaryUnit" name="test_one_upi_cannot_consume_two_bank_rows" time="0.007" /><testcase classname="tests.test_iteration16_dedupe_boundary.TestScoreBoundaryUnit" name="test_missing_id_docs_are_skipped_not_crashing" time="0.007" /><testcase classname="tests.test_iteration12.TestRegressionAuth" name="test_login_and_me" time="0.347" /><testcase classname="tests.test_iteration12.TestRegressionAuth" name="test_auth_config" time="0.070" /><testcase classname="tests.test_iteration12.TestRegressionAuth" name="test_google_start" time="0.032" /><testcase classname="tests.test_iteration12.TestRegressionAuth" name="test_google_legacy_bad_token" time="0.204" /><testcase classname="tests.test_iteration12.TestRegressionAuth" name="test_overview" time="0.034" /><testcase classname="tests.test_iteration12.TestRegressionAuth" name="test_overview_unauth" time="0.068" /><testcase classname="tests.test_iteration12.TestWhatIfScenario" name="test_scenario_validation" time="0.179" /><testcase classname="tests.test_iteration12.TestRegressionMisc" name="test_chat_models" time="0.073" /><testcase classname="tests.test_iteration12.TestRegressionMisc" name="test_chat_streams" time="2.502" /><testcase classname="tests.test_iteration12.TestWhatIfScenario" name="test_scenario_new_user_no_profile_no_goals" time="10.750" /><testcase classname="tests.test_iteration12.TestRegressionMisc" name="test_learn_articles" time="0.032" /><testcase classname="tests.test_iteration12.TestRegressionMisc" name="test_learn_daily" time="0.070" /><testcase classname="tests.test_iteration12.TestRegressionMisc" name="test_demo_overview" time="0.044" /><testcase classname="tests.test_iteration12.TestRegressionMisc" name="test_memories_list" time="0.033" /><testcase classname="tests.test_iteration14_upi.TestImportAndVerify" name="test_import_persists_upi_metadata" time="0.199" /><testcase classname="tests.test_iteration14_upi.TestImportAndVerify" name="test_verify_shape_and_verified_matches" time="0.037" /><testcase classname="tests.test_iteration14_upi.TestImportAndVerify" name="test_verify_month_filter" time="0.073" /><testcase classname="tests.test_iteration14_upi.TestImportAndVerify" name="test_verify_requires_auth" time="0.087" /><testcase classname="tests.test_iteration14_upi.TestImportAndVerify" name="test_overview_dedupes_across_sources" time="0.049" /><testcase classname="tests.test_finaura_regression" name="test_overview_has_demo_profile_and_no_mongo_id" time="0.000"><skipped type="pytest.skip" message="Obsolete after Phase 2 auth: endpoints now require Bearer JWT; see test_auth_phase2.py">/app/backend/tests/test_finaura_regression.py:15: Obsolete after Phase 2 auth: endpoints now require Bearer JWT; see test_auth_phase2.py</skipped></testcase><testcase classname="tests.test_finaura_regression" name="test_create_goal_returns_serializable_goal" time="0.000"><skipped type="pytest.skip" message="Obsolete after Phase 2 auth: endpoints now require Bearer JWT; see test_auth_phase2.py">/app/backend/tests/test_finaura_regression.py:23: Obsolete after Phase 2 auth: endpoints now require Bearer JWT; see test_auth_phase2.py</skipped></testcase><testcase classname="tests.test_finaura_regression" name="test_transaction_category_persists_in_overview" time="0.000"><skipped type="pytest.skip" message="Obsolete after Phase 2 auth: endpoints now require Bearer JWT; see test_auth_phase2.py">/app/backend/tests/test_finaura_regression.py:33: Obsolete after Phase 2 auth: endpoints now require Bearer JWT; see test_auth_phase2.py</skipped></testcase><testcase classname="tests.test_finaura_regression" name="test_delete_financial_data_confirms_deletion" time="0.000"><skipped type="pytest.skip" message="Obsolete after Phase 2 auth: endpoints now require Bearer JWT; see test_auth_phase2.py">/app/backend/tests/test_finaura_regression.py:42: Obsolete after Phase 2 auth: endpoints now require Bearer JWT; see test_auth_phase2.py</skipped></testcase><testcase classname="tests.test_finaura_regression" name="test_chat_returns_configured_or_clear_unavailable_response" time="0.000"><skipped type="pytest.skip" message="Obsolete after Phase 2 auth: endpoints now require Bearer JWT; see test_auth_phase2.py">/app/backend/tests/test_finaura_regression.py:48: Obsolete after Phase 2 auth: endpoints now require Bearer JWT; see test_auth_phase2.py</skipped></testcase><testcase classname="tests.test_iteration16_dedupe_boundary.TestBoundaryApi" name="test_verified_pair_deduped_possible_pair_kept" time="0.370" /><testcase classname="tests.test_iteration16_dedupe_boundary.TestBoundaryApi" name="test_verify_does_not_leak_internal_id_sets" time="0.043" /><testcase classname="tests.test_iteration16_dedupe_boundary.TestBoundaryApi" name="test_legacy_doc_without_id_does_not_break_endpoints" time="0.090" /><testcase classname="tests.test_iteration16_dedupe_boundary.TestBoundaryApi" name="test_verify_month_scoping_unaffected" time="0.124" /><testcase classname="tests.test_iteration14_upi.TestResolveDuplicate" name="test_resolve_duplicate_deletes_and_tags" time="0.587" /><testcase classname="tests.test_iteration14_upi.TestResolveDuplicate" name="test_resolve_duplicate_foreign_id_404" time="0.044" /><testcase classname="tests.test_iteration14_upi.TestResolveDuplicate" name="test_resolve_duplicate_missing_fields_422" time="0.080" /><testcase classname="tests.test_iteration14_upi.TestResolveDuplicate" name="test_resolve_duplicate_requires_auth" time="0.109" /><testcase classname="tests.test_iteration13.TestGoalsCrudRegression" name="test_create_edit_delete" time="0.314" /><testcase classname="tests.test_iteration13.TestGoalsCrudRegression" name="test_reorder_persists" time="0.488" /><testcase classname="tests.test_iteration13.TestGoalsCrudRegression" name="test_reorder_foreign_id_404" time="0.157" /><testcase classname="tests.test_iteration13.TestGoalsCrudRegression" name="test_no_mongo_id_leak" time="0.032" /><testcase classname="tests.test_iteration15_dedupe.TestMiscRegressions" name="test_auth_me_has_picture" time="0.038" /><testcase classname="tests.test_iteration15_dedupe.TestMiscRegressions" name="test_google_start_302" time="0.089" /><testcase classname="tests.test_iteration15_dedupe.TestMiscRegressions" name="test_overview_shape" time="0.067" /><testcase classname="tests.test_iteration14_upi.TestUpiPreview" name="test_preview_upi_guess_has_upi_fields" time="0.039" /><testcase classname="tests.test_iteration14_upi.TestUpiPreview" name="test_preview_bank_has_no_upi_fields" time="0.037" /><testcase classname="tests.test_iteration14_upi.TestUpiPreview" name="test_preview_requires_auth" time="0.068" /><testcase classname="tests.test_iteration14_upi.TestUpiParse" name="test_parse_upi_fields_and_categories" time="0.094" /><testcase classname="tests.test_iteration14_upi.TestUpiParse" name="test_positive_amount_no_type_hint_defaults_expense" time="0.162" /><testcase classname="tests.test_iteration14_upi.TestUpiParse" name="test_parse_invalid_mapping_json_400" time="0.079" /><testcase classname="tests.test_iteration12.TestExport" name="test_export_shape_and_isolation" time="0.410" /><testcase classname="tests.test_iteration12.TestExport" name="test_export_unauth" time="0.072" /><testcase classname="tests.test_iteration16_dedupe_boundary.TestResolveDuplicateRegression" name="test_422_400_404_and_happy_path" time="0.356" /><testcase classname="tests.test_iteration15_dedupe.TestVerifyPayload" name="test_no_internal_fields_leaked" time="0.068" /><testcase classname="tests.test_iteration12.TestWhatIfScenario" name="test_scenario_unauth" time="0.073" /><testcase classname="tests.test_iteration12.TestWhatIfScenario" name="test_apply_pins_memory_without_mutating" time="0.263" /><testcase classname="tests.test_iteration12.TestWhatIfScenario" name="test_apply_validation" time="0.099" /><testcase classname="tests.test_iteration12.TestWhatIfScenario" name="test_legacy_whatif_still_works" time="0.029" /></testsuite></testsuites>