<?xml version="1.0" encoding="utf-8"?><testsuites name="pytest tests"><testsuite name="pytest" errors="0" failures="0" skipped="0" tests="42" time="4.506" timestamp="2026-08-25T07:03:13.383039+00:00" hostname="agent-env-ec3cab9d-296d-431e-a21d-37896209ec78"><testcase classname="tests.test_iteration15_dedupe.TestDoubleCount" name="test_no_double_count_with_settlement_lag" time="0.438" /><testcase classname="tests.test_iteration15_dedupe.TestDoubleCount" name="test_exact_date_match_still_dedupes" time="0.047" /><testcase classname="tests.test_iteration15_dedupe.TestDoubleCount" name="test_bank_only_is_noop" time="0.045" /><testcase classname="tests.test_iteration15_dedupe.TestDoubleCount" name="test_non_matching_pairs_both_kept[upi_over0-amount mismatch]" time="0.041" /><testcase classname="tests.test_iteration15_dedupe.TestDoubleCount" name="test_non_matching_pairs_both_kept[upi_over1-type mismatch]" time="0.047" /><testcase classname="tests.test_iteration15_dedupe.TestDoubleCount" name="test_non_matching_pairs_both_kept[upi_over2-date gap &gt; 3d]" time="0.041" /><testcase classname="tests.test_iteration15_dedupe.TestDoubleCount" name="test_possible_match_bank_row_behaviour" time="0.086" /><testcase classname="tests.test_iteration15_dedupe.TestVerifyPayload" name="test_no_internal_fields_leaked" time="0.043" /><testcase classname="tests.test_iteration15_dedupe.TestResolveDuplicate" name="test_missing_drop_id_422" time="0.036" /><testcase classname="tests.test_iteration15_dedupe.TestResolveDuplicate" name="test_missing_keep_id_422" time="0.036" /><testcase classname="tests.test_iteration15_dedupe.TestResolveDuplicate" name="test_empty_body_422" time="0.080" /><testcase classname="tests.test_iteration15_dedupe.TestResolveDuplicate" name="test_same_id_400" time="0.040" /><testcase classname="tests.test_iteration15_dedupe.TestResolveDuplicate" name="test_bogus_keep_valid_drop_404_and_no_delete" time="0.073" /><testcase classname="tests.test_iteration15_dedupe.TestResolveDuplicate" name="test_valid_keep_bogus_drop_404" time="0.047" /><testcase classname="tests.test_iteration15_dedupe.TestResolveDuplicate" name="test_happy_path_200" time="0.074" /><testcase classname="tests.test_iteration15_dedupe.TestResolveDuplicate" name="test_requires_auth" time="0.088" /><testcase classname="tests.test_iteration15_dedupe.TestMiscRegressions" name="test_auth_me_has_picture" time="0.035" /><testcase classname="tests.test_iteration15_dedupe.TestMiscRegressions" name="test_google_start_302" time="0.080" /><testcase classname="tests.test_iteration15_dedupe.TestMiscRegressions" name="test_overview_shape" time="0.040" /><testcase classname="tests.test_iteration14_upi.TestUpiPreview" name="test_preview_upi_guess_has_upi_fields" time="0.375" /><testcase classname="tests.test_iteration14_upi.TestUpiPreview" name="test_preview_bank_has_no_upi_fields" time="0.032" /><testcase classname="tests.test_iteration14_upi.TestUpiPreview" name="test_preview_requires_auth" time="0.119" /><testcase classname="tests.test_iteration14_upi.TestUpiParse" name="test_parse_upi_fields_and_categories" time="0.154" /><testcase classname="tests.test_iteration14_upi.TestUpiParse" name="test_positive_amount_no_type_hint_defaults_expense" time="0.111" /><testcase classname="tests.test_iteration14_upi.TestUpiParse" name="test_parse_invalid_mapping_json_400" time="0.031" /><testcase classname="tests.test_iteration14_upi.TestImportAndVerify" name="test_import_persists_upi_metadata" time="0.198" /><testcase classname="tests.test_iteration14_upi.TestImportAndVerify" name="test_verify_shape_and_verified_matches" time="0.029" /><testcase classname="tests.test_iteration14_upi.TestImportAndVerify" name="test_verify_month_filter" time="0.102" /><testcase classname="tests.test_iteration14_upi.TestImportAndVerify" name="test_verify_requires_auth" time="0.085" /><testcase classname="tests.test_iteration14_upi.TestImportAndVerify" name="test_overview_dedupes_across_sources" time="0.032" /><testcase classname="tests.test_iteration14_upi.TestResolveDuplicate" name="test_resolve_duplicate_deletes_and_tags" time="0.569" /><testcase classname="tests.test_iteration14_upi.TestResolveDuplicate" name="test_resolve_duplicate_foreign_id_404" time="0.072" /><testcase classname="tests.test_iteration14_upi.TestResolveDuplicate" name="test_resolve_duplicate_missing_fields_422" time="0.071" /><testcase classname="tests.test_iteration14_upi.TestResolveDuplicate" name="test_resolve_duplicate_requires_auth" time="0.076" /><testcase classname="tests.test_iteration14_upi.TestRegressions" name="test_bank_flow_still_works" time="0.249" /><testcase classname="tests.test_iteration14_upi.TestRegressions" name="test_no_double_count_when_dates_differ_by_days" time="0.299" /><testcase classname="tests.test_iteration14_upi.TestRegressions" name="test_goals_list" time="0.028" /><testcase classname="tests.test_iteration14_upi.TestRegressions" name="test_whatif_subscription" time="0.073" /><testcase classname="tests.test_iteration14_upi.TestRegressions" name="test_whatif_twin" time="0.032" /><testcase classname="tests.test_iteration14_upi.TestRegressions" name="test_settings_preferences" time="0.028" /><testcase classname="tests.test_iteration14_upi.TestRegressions" name="test_google_start_redirects" time="0.081" /><testcase classname="tests.test_iteration14_upi.TestRegressions" name="test_demo_overview_public" time="0.091" /></testsuite></testsuites>