<?xml version="1.0" encoding="utf-8"?><testsuites name="pytest tests"><testsuite name="pytest" errors="0" failures="4" skipped="0" tests="32" time="18.380" timestamp="2026-08-25T08:57:55.369257+00:00" hostname="agent-env-ec3cab9d-296d-431e-a21d-37896209ec78"><testcase classname="tests.test_iteration18_p0.TestCrossSourceDedupe" name="test_merge_reported_on_import" time="1.049" /><testcase classname="tests.test_iteration18_p0.TestCrossSourceDedupe" name="test_swiggy_counted_once_in_overview" time="0.033" /><testcase classname="tests.test_iteration18_p0.TestCrossSourceDedupe" name="test_totals_not_double_counted" time="0.035" /><testcase classname="tests.test_iteration18_p0.TestCrossSourceDedupe" name="test_verify_surfaces_verified_match" time="0.149" /><testcase classname="tests.test_iteration18_p0.TestDeleteStatement" name="test_delete_nonexistent_404" time="1.915" /><testcase classname="tests.test_iteration18_p0.TestDeleteStatement" name="test_delete_foreign_statement_404" time="0.105" /><testcase classname="tests.test_iteration18_p0.TestDeleteStatement" name="test_delete_own_statement_scoped" time="0.184" /><testcase classname="tests.test_iteration18_p0.TestDeleteStatement" name="test_unauthenticated_delete_rejected" time="0.307" /><testcase classname="tests.test_iteration18_p0.TestResolveDuplicate" name="test_missing_fields_422" time="1.024" /><testcase classname="tests.test_iteration18_p0.TestResolveDuplicate" name="test_same_id_400" time="0.074" /><testcase classname="tests.test_iteration18_p0.TestResolveDuplicate" name="test_foreign_id_404" time="0.103" /><testcase classname="tests.test_iteration18_p0.TestResolveDuplicate" name="test_valid_resolve" time="0.805" /><testcase classname="tests.test_iteration18_p0.TestAuthAndSettingsRegression" name="test_auth_config" time="0.078" /><testcase classname="tests.test_iteration18_p0.TestAuthAndSettingsRegression" name="test_register_login_me_logout" time="1.331" /><testcase classname="tests.test_iteration18_p0.TestDemoPurge" name="test_demo_seeded" time="0.619" /><testcase classname="tests.test_iteration18_p0.TestDemoPurge" name="test_real_upload_purges_demo" time="0.407" /><testcase classname="tests.test_iteration18_p0.TestAuthAndSettingsRegression" name="test_existing_seeded_user_login" time="0.343" /><testcase classname="tests.test_iteration18_p0.TestAuthAndSettingsRegression" name="test_preferences_and_export" time="2.145" /><testcase classname="tests.test_iteration18_p0.TestDemoPurge" name="test_demo_import_blocked_after_real" time="0.339" /><testcase classname="tests.test_iteration18_p0.TestWhatIfRegression" name="test_scenario_four_options" time="12.622" /><testcase classname="tests.test_iteration18_p0.TestStrictClassification" name="test_bank_type_column_dr_cr" time="0.660" /><testcase classname="tests.test_iteration18_p0.TestStrictClassification" name="test_no_mongo_internals_leak" time="0.131" /><testcase classname="tests.test_iteration18_p0.TestUpiDirection" name="test_upi_amount_plus_merchant_is_expense" time="0.402" /><testcase classname="tests.test_iteration18_p0.TestUpiDirection" name="test_upi_sent_received_column" time="0.196" /><testcase classname="tests.test_iteration18_falsepositive" name="test_conflicting_upi_refs_not_auto_deduped" time="0.001"><failure message="AssertionError: two distinct Zomato payments (bank ref 111111111111 vs UPI ref 222222222222) were auto-merged at score=0.95 (heuristic (2d, overlap=['zomato'])); a conflicting UPI ref must veto the match&#10;assert {'u1'} == {'b1', 'u1'}&#10;  &#10;  Extra items in the right set:&#10;  'b1'&#10;  Use -v to get more diff">E   AssertionError: two distinct Zomato payments (bank ref 111111111111 vs UPI ref 222222222222) were auto-merged at score=0.95 (heuristic (2d, overlap=['zomato'])); a conflicting UPI ref must veto the match
    assert {'u1'} == {'b1', 'u1'}
      
      Extra items in the right set:
      'b1'
      Use -v to get more diff</failure></testcase><testcase classname="tests.test_iteration18_falsepositive" name="test_generic_shared_token_alone_is_not_enough" time="0.000"><failure message="AssertionError: unrelated rows scored 0.90 (heuristic (2d, overlap=['paid'])) and will be silently deduped&#10;assert 0.9 &lt; 0.85">E   AssertionError: unrelated rows scored 0.90 (heuristic (2d, overlap=['paid'])) and will be silently deduped
    assert 0.9 &lt; 0.85</failure></testcase><testcase classname="tests.test_iteration18_p0.TestDeleteAllData" name="test_wipes_only_caller_data" time="1.515" /><testcase classname="tests.test_iteration18_p0.TestGoalsRegression" name="test_goal_crud_and_reorder" time="0.994" /><testcase classname="tests.test_iteration18_p0.TestDeleteDataMemories" name="test_memories_cleared" time="0.624"><failure message="AssertionError: memories survived DELETE /financial/data: [{'id': 'fb8eb669-5c35-482d-9a13-3ed160b11df4', 'category': 'income', 'key': 'TEST_key', 'value': 'TEST_ memory for wipe check', 'numeric_value': None, 'unit': None, 'created_at': '2026-08-25T08:58:06.831000+00:00', 'updated_at': '2026-08-25T08:58:06.831000+00:00'}]&#10;assert [{'id': 'fb8e... check', ...}] == []&#10;  &#10;  Left contains one more item: {'id': 'fb8eb669-5c35-482d-9a13-3ed160b11df4', 'category': 'income', 'key': 'TEST_key', 'value': 'TEST_ memory for wipe check', ...}&#10;  Use -v to get more diff">E   AssertionError: memories survived DELETE /financial/data: [{'id': 'fb8eb669-5c35-482d-9a13-3ed160b11df4', 'category': 'income', 'key': 'TEST_key', 'value': 'TEST_ memory for wipe check', 'numeric_value': None, 'unit': None, 'created_at': '2026-08-25T08:58:06.831000+00:00', 'updated_at': '2026-08-25T08:58:06.831000+00:00'}]
    assert [{'id': 'fb8e... check', ...}] == []
      
      Left contains one more item: {'id': 'fb8eb669-5c35-482d-9a13-3ed160b11df4', 'category': 'income', 'key': 'TEST_key', 'value': 'TEST_ memory for wipe check', ...}
      Use -v to get more diff</failure></testcase><testcase classname="tests.test_iteration18_p0.TestBankAmountOnlyClassification" name="test_amount_only_bank_debits_not_income" time="0.487"><failure message="AssertionError: {'id': '23bdd04c-1fc7-4fb7-afa1-51da7832a85d', 'date': '01 Sep 2025', 'description': 'SWIGGY ORDER BLR', 'amount': 450.0, ...}&#10;assert 'Income' == 'Expense'&#10;  &#10;  - Expense&#10;  + Income">E   AssertionError: {'id': '23bdd04c-1fc7-4fb7-afa1-51da7832a85d', 'date': '01 Sep 2025', 'description': 'SWIGGY ORDER BLR', 'amount': 450.0, ...}
    assert 'Income' == 'Expense'
      
      - Expense
      + Income</failure></testcase><testcase classname="tests.test_iteration18_p0.TestWhatIfRegression" name="test_subscription" time="0.035" /><testcase classname="tests.test_iteration18_p0.TestWhatIfRegression" name="test_twin_projection" time="0.095" /></testsuite></testsuites>