<?xml version="1.0" encoding="utf-8"?><testsuites name="pytest tests"><testsuite name="pytest" errors="0" failures="0" skipped="0" tests="9" time="1.042" timestamp="2026-08-25T09:11:32.820463+00:00" hostname="agent-env-ec3cab9d-296d-431e-a21d-37896209ec78"><testcase classname="tests.test_iteration19_units" name="test_generic_pair_scores_in_possible_band" time="0.001" /><testcase classname="tests.test_iteration19_units" name="test_merchant_match_with_ref_auto_dedupes" time="0.000" /><testcase classname="tests.test_iteration19_units" name="test_merchant_from_description_when_no_merchant_column" time="0.000" /><testcase classname="tests.test_iteration19_units" name="test_conflicting_refs_veto" time="0.000" /><testcase classname="tests.test_iteration19_units" name="test_txn_id_conflict_also_vetoes" time="0.000" /><testcase classname="tests.test_iteration19_units" name="test_bank_ref_only_still_matches_merchant" time="0.000" /><testcase classname="tests.test_iteration19_units" name="test_short_alias_word_boundary" time="0.000" /><testcase classname="tests.test_iteration19_units" name="test_bank_amount_only_direction_and_income_keywords" time="0.002" /><testcase classname="tests.test_iteration19_units" name="test_negative_amount_still_expense_and_explicit_type_wins" time="0.001" /></testsuite></testsuites>