<?xml version="1.0" encoding="utf-8"?><testsuites name="pytest tests"><testsuite name="pytest" errors="0" failures="0" skipped="0" tests="32" time="17.163" timestamp="2026-08-25T09:07:35.266455+00:00" hostname="agent-env-ec3cab9d-296d-431e-a21d-37896209ec78"><testcase classname="tests.test_iteration18_p0.TestCrossSourceDedupe" name="test_merge_reported_on_import" time="1.249" /><testcase classname="tests.test_iteration18_p0.TestCrossSourceDedupe" name="test_swiggy_counted_once_in_overview" time="0.031" /><testcase classname="tests.test_iteration18_p0.TestCrossSourceDedupe" name="test_totals_not_double_counted" time="0.031" /><testcase classname="tests.test_iteration18_p0.TestCrossSourceDedupe" name="test_verify_surfaces_verified_match" time="0.181" /><testcase classname="tests.test_iteration18_p0.TestDeleteStatement" name="test_delete_nonexistent_404" time="1.883" /><testcase classname="tests.test_iteration18_p0.TestDeleteStatement" name="test_delete_foreign_statement_404" time="0.269" /><testcase classname="tests.test_iteration18_p0.TestDeleteStatement" name="test_delete_own_statement_scoped" time="0.170" /><testcase classname="tests.test_iteration18_p0.TestDeleteStatement" name="test_unauthenticated_delete_rejected" time="0.364" /><testcase classname="tests.test_iteration18_p0.TestResolveDuplicate" name="test_missing_fields_422" time="1.194" /><testcase classname="tests.test_iteration18_p0.TestAuthAndSettingsRegression" name="test_auth_config" time="0.143" /><testcase classname="tests.test_iteration18_p0.TestResolveDuplicate" name="test_same_id_400" time="0.077" /><testcase classname="tests.test_iteration18_p0.TestResolveDuplicate" name="test_foreign_id_404" time="0.085" /><testcase classname="tests.test_iteration18_p0.TestAuthAndSettingsRegression" name="test_register_login_me_logout" time="1.182" /><testcase classname="tests.test_iteration18_p0.TestResolveDuplicate" name="test_valid_resolve" time="1.125" /><testcase classname="tests.test_iteration18_p0.TestAuthAndSettingsRegression" name="test_existing_seeded_user_login" time="0.491" /><testcase classname="tests.test_iteration18_p0.TestDemoPurge" name="test_demo_seeded" time="0.608" /><testcase classname="tests.test_iteration18_p0.TestAuthAndSettingsRegression" name="test_preferences_and_export" time="0.736" /><testcase classname="tests.test_iteration18_p0.TestDemoPurge" name="test_real_upload_purges_demo" time="0.430" /><testcase classname="tests.test_iteration18_p0.TestDemoPurge" name="test_demo_import_blocked_after_real" time="0.165" /><testcase classname="tests.test_iteration18_p0.TestStrictClassification" name="test_bank_type_column_dr_cr" time="0.751" /><testcase classname="tests.test_iteration18_p0.TestWhatIfRegression" name="test_scenario_four_options" time="10.677" /><testcase classname="tests.test_iteration18_p0.TestStrictClassification" name="test_no_mongo_internals_leak" time="0.143" /><testcase classname="tests.test_iteration18_p0.TestUpiDirection" name="test_upi_amount_plus_merchant_is_expense" time="0.417" /><testcase classname="tests.test_iteration18_p0.TestUpiDirection" name="test_upi_sent_received_column" time="0.197" /><testcase classname="tests.test_iteration18_falsepositive" name="test_conflicting_upi_refs_not_auto_deduped" time="0.001" /><testcase classname="tests.test_iteration18_falsepositive" name="test_generic_shared_token_alone_is_not_enough" time="0.000" /><testcase classname="tests.test_iteration18_p0.TestDeleteAllData" name="test_wipes_only_caller_data" time="1.434" /><testcase classname="tests.test_iteration18_p0.TestGoalsRegression" name="test_goal_crud_and_reorder" time="1.163" /><testcase classname="tests.test_iteration18_p0.TestDeleteDataMemories" name="test_memories_cleared" time="0.722" /><testcase classname="tests.test_iteration18_p0.TestBankAmountOnlyClassification" name="test_amount_only_bank_debits_not_income" time="0.495" /><testcase classname="tests.test_iteration18_p0.TestWhatIfRegression" name="test_subscription" time="0.076" /><testcase classname="tests.test_iteration18_p0.TestWhatIfRegression" name="test_twin_projection" time="0.184" /></testsuite></testsuites>