<?xml version="1.0" encoding="utf-8"?><testsuites name="pytest tests"><testsuite name="pytest" errors="0" failures="0" skipped="0" tests="125" time="43.200" timestamp="2026-08-25T09:12:20.920069+00:00" hostname="agent-env-ec3cab9d-296d-431e-a21d-37896209ec78"><testcase classname="tests.test_iteration14_upi.TestUpiPreview" name="test_preview_upi_guess_has_upi_fields" time="0.370" /><testcase classname="tests.test_iteration14_upi.TestUpiPreview" name="test_preview_bank_has_no_upi_fields" time="0.031" /><testcase classname="tests.test_iteration14_upi.TestUpiPreview" name="test_preview_requires_auth" time="0.072" /><testcase classname="tests.test_iteration14_upi.TestUpiParse" name="test_parse_upi_fields_and_categories" time="0.076" /><testcase classname="tests.test_iteration14_upi.TestUpiParse" name="test_positive_amount_no_type_hint_defaults_expense" time="0.063" /><testcase classname="tests.test_iteration14_upi.TestUpiParse" name="test_parse_invalid_mapping_json_400" time="0.031" /><testcase classname="tests.test_iteration14_upi.TestImportAndVerify" name="test_import_persists_upi_metadata" time="0.229" /><testcase classname="tests.test_iteration14_upi.TestImportAndVerify" name="test_verify_shape_and_verified_matches" time="0.043" /><testcase classname="tests.test_iteration14_upi.TestImportAndVerify" name="test_verify_month_filter" time="0.085" /><testcase classname="tests.test_iteration14_upi.TestImportAndVerify" name="test_verify_requires_auth" time="0.071" /><testcase classname="tests.test_iteration14_upi.TestImportAndVerify" name="test_overview_dedupes_across_sources" time="0.030" /><testcase classname="tests.test_iteration14_upi.TestResolveDuplicate" name="test_resolve_duplicate_deletes_and_tags" time="0.363" /><testcase classname="tests.test_iteration14_upi.TestResolveDuplicate" name="test_resolve_duplicate_foreign_id_404" time="0.069" /><testcase classname="tests.test_iteration14_upi.TestResolveDuplicate" name="test_resolve_duplicate_missing_fields_422" time="0.073" /><testcase classname="tests.test_iteration14_upi.TestResolveDuplicate" name="test_resolve_duplicate_requires_auth" time="0.089" /><testcase classname="tests.test_iteration14_upi.TestRegressions" name="test_bank_flow_still_works" time="0.139" /><testcase classname="tests.test_iteration14_upi.TestRegressions" name="test_no_double_count_when_dates_differ_by_days" time="0.464" /><testcase classname="tests.test_iteration14_upi.TestRegressions" name="test_goals_list" time="0.034" /><testcase classname="tests.test_iteration14_upi.TestRegressions" name="test_whatif_subscription" time="0.078" /><testcase classname="tests.test_iteration14_upi.TestRegressions" name="test_whatif_twin" time="0.031" /><testcase classname="tests.test_iteration14_upi.TestRegressions" name="test_settings_preferences" time="0.034" /><testcase classname="tests.test_iteration14_upi.TestRegressions" name="test_google_start_redirects" time="0.088" /><testcase classname="tests.test_iteration14_upi.TestRegressions" name="test_demo_overview_public" time="0.085" /><testcase classname="tests.test_iteration15_dedupe.TestDoubleCount" name="test_no_double_count_with_settlement_lag" time="0.418" /><testcase classname="tests.test_iteration15_dedupe.TestDoubleCount" name="test_exact_date_match_still_dedupes" time="0.057" /><testcase classname="tests.test_iteration15_dedupe.TestDoubleCount" name="test_bank_only_is_noop" time="0.041" /><testcase classname="tests.test_iteration15_dedupe.TestDoubleCount" name="test_non_matching_pairs_both_kept[upi_over0-amount mismatch]" time="0.044" /><testcase classname="tests.test_iteration15_dedupe.TestDoubleCount" name="test_non_matching_pairs_both_kept[upi_over1-type mismatch]" time="0.043" /><testcase classname="tests.test_iteration15_dedupe.TestDoubleCount" name="test_non_matching_pairs_both_kept[upi_over2-date gap &gt; 3d]" time="0.064" /><testcase classname="tests.test_iteration15_dedupe.TestDoubleCount" name="test_possible_match_bank_row_behaviour" time="0.071" /><testcase classname="tests.test_iteration15_dedupe.TestVerifyPayload" name="test_no_internal_fields_leaked" time="0.065" /><testcase classname="tests.test_iteration15_dedupe.TestResolveDuplicate" name="test_missing_drop_id_422" time="0.039" /><testcase classname="tests.test_iteration15_dedupe.TestResolveDuplicate" name="test_missing_keep_id_422" time="0.045" /><testcase classname="tests.test_iteration15_dedupe.TestResolveDuplicate" name="test_empty_body_422" time="0.038" /><testcase classname="tests.test_iteration15_dedupe.TestResolveDuplicate" name="test_same_id_400" time="0.081" /><testcase classname="tests.test_iteration15_dedupe.TestResolveDuplicate" name="test_bogus_keep_valid_drop_404_and_no_delete" time="0.092" /><testcase classname="tests.test_iteration15_dedupe.TestResolveDuplicate" name="test_valid_keep_bogus_drop_404" time="0.040" /><testcase classname="tests.test_iteration15_dedupe.TestResolveDuplicate" name="test_happy_path_200" time="0.070" /><testcase classname="tests.test_iteration15_dedupe.TestResolveDuplicate" name="test_requires_auth" time="0.072" /><testcase classname="tests.test_iteration15_dedupe.TestMiscRegressions" name="test_auth_me_has_picture" time="0.052" /><testcase classname="tests.test_iteration15_dedupe.TestMiscRegressions" name="test_google_start_302" time="0.081" /><testcase classname="tests.test_iteration15_dedupe.TestMiscRegressions" name="test_overview_shape" time="0.060" /><testcase classname="tests.test_iteration16_dedupe_boundary.TestScoreBoundaryUnit" name="test_ref_match_1day_scores_exactly_085_and_dedupes" time="0.007" /><testcase classname="tests.test_iteration16_dedupe_boundary.TestScoreBoundaryUnit" name="test_score_075_is_possible_and_not_deduped" time="0.006" /><testcase classname="tests.test_iteration16_dedupe_boundary.TestScoreBoundaryUnit" name="test_bare_amount_date_match_scores_06_possible" time="0.006" /><testcase classname="tests.test_iteration16_dedupe_boundary.TestScoreBoundaryUnit" name="test_synthetic_084_not_deduped" time="0.006" /><testcase classname="tests.test_iteration16_dedupe_boundary.TestScoreBoundaryUnit" name="test_synthetic_085_deduped" time="0.006" /><testcase classname="tests.test_iteration16_dedupe_boundary.TestScoreBoundaryUnit" name="test_one_upi_cannot_consume_two_bank_rows" time="0.006" /><testcase classname="tests.test_iteration16_dedupe_boundary.TestScoreBoundaryUnit" name="test_missing_id_docs_are_skipped_not_crashing" time="0.006" /><testcase classname="tests.test_iteration16_dedupe_boundary.TestBoundaryApi" name="test_verified_pair_deduped_possible_pair_kept" time="0.387" /><testcase classname="tests.test_iteration16_dedupe_boundary.TestBoundaryApi" name="test_verify_does_not_leak_internal_id_sets" time="0.042" /><testcase classname="tests.test_iteration16_dedupe_boundary.TestBoundaryApi" name="test_legacy_doc_without_id_does_not_break_endpoints" time="0.079" /><testcase classname="tests.test_iteration16_dedupe_boundary.TestBoundaryApi" name="test_verify_month_scoping_unaffected" time="0.113" /><testcase classname="tests.test_iteration16_dedupe_boundary.TestResolveDuplicateRegression" name="test_422_400_404_and_happy_path" time="0.368" /><testcase classname="tests.test_iteration17_ledger.TestClassificationUnits" name="test_unknown_debit_is_misc_debit" time="0.000" /><testcase classname="tests.test_iteration17_ledger.TestClassificationUnits" name="test_unknown_credit_is_misc_credit" time="0.000" /><testcase classname="tests.test_iteration17_ledger.TestClassificationUnits" name="test_internal_transfer_detected" time="0.000" /><testcase classname="tests.test_iteration17_ledger.TestClassificationUnits" name="test_internal_transfer_credit_not_income" time="0.000" /><testcase classname="tests.test_iteration17_ledger.TestClassificationUnits" name="test_salary_credit_is_income" time="0.000" /><testcase classname="tests.test_iteration17_ledger.TestClassificationUnits" name="test_parse_csv_bank_debit_never_income" time="0.002" /><testcase classname="tests.test_iteration17_ledger.TestBankClassification" name="test_bank_import_classification" time="0.712" /><testcase classname="tests.test_iteration17_ledger.TestUpiClassification" name="test_upi_import_classification" time="0.620" /><testcase classname="tests.test_iteration17_ledger.TestDedupeBankThenUpi" name="test_bank_then_upi_merges_once" time="0.691" /><testcase classname="tests.test_iteration17_ledger.TestDedupeBankThenUpi" name="test_no_double_count_in_summary" time="0.094" /><testcase classname="tests.test_iteration17_ledger.TestDedupePlainNarration" name="test_plain_narration_pair_is_deduped" time="0.838" /><testcase classname="tests.test_iteration17_ledger.TestDedupeUpiThenBank" name="test_upi_then_bank_merges_once" time="0.973" /><testcase classname="tests.test_iteration17_ledger.TestDemoIsolation" name="test_demo_then_real_purges_demo" time="0.744" /><testcase classname="tests.test_iteration17_ledger.TestDemoIsolation" name="test_demo_import_after_real_is_409" time="0.330" /><testcase classname="tests.test_iteration17_ledger.TestStatementListDelete" name="test_list_statements" time="0.729" /><testcase classname="tests.test_iteration17_ledger.TestStatementListDelete" name="test_delete_foreign_statement_404" time="0.075" /><testcase classname="tests.test_iteration17_ledger.TestStatementListDelete" name="test_delete_statement_scoped" time="0.187" /><testcase classname="tests.test_iteration17_ledger.TestStatementListDelete" name="test_delete_last_statement_leaves_empty_ledger" time="0.297" /><testcase classname="tests.test_iteration17_ledger.TestVerifyRegression" name="test_verify_shape" time="0.635" /><testcase classname="tests.test_iteration17_ledger.TestVerifyRegression" name="test_preview_both_sources" time="0.212" /><testcase classname="tests.test_iteration17_demoflag" name="test_demo_only_user_flags" time="0.483" /><testcase classname="tests.test_iteration18_p0.TestStrictClassification" name="test_bank_type_column_dr_cr" time="0.564" /><testcase classname="tests.test_iteration18_p0.TestStrictClassification" name="test_no_mongo_internals_leak" time="0.105" /><testcase classname="tests.test_iteration18_p0.TestUpiDirection" name="test_upi_amount_plus_merchant_is_expense" time="0.403" /><testcase classname="tests.test_iteration18_p0.TestUpiDirection" name="test_upi_sent_received_column" time="0.248" /><testcase classname="tests.test_iteration18_p0.TestCrossSourceDedupe" name="test_merge_reported_on_import" time="0.650" /><testcase classname="tests.test_iteration18_p0.TestCrossSourceDedupe" name="test_swiggy_counted_once_in_overview" time="0.036" /><testcase classname="tests.test_iteration18_p0.TestCrossSourceDedupe" name="test_totals_not_double_counted" time="0.036" /><testcase classname="tests.test_iteration18_p0.TestCrossSourceDedupe" name="test_verify_surfaces_verified_match" time="0.193" /><testcase classname="tests.test_iteration18_p0.TestDemoPurge" name="test_demo_seeded" time="0.393" /><testcase classname="tests.test_iteration18_p0.TestDemoPurge" name="test_real_upload_purges_demo" time="0.277" /><testcase classname="tests.test_iteration18_p0.TestDemoPurge" name="test_demo_import_blocked_after_real" time="0.138" /><testcase classname="tests.test_iteration18_p0.TestDeleteStatement" name="test_delete_nonexistent_404" time="1.298" /><testcase classname="tests.test_iteration18_p0.TestDeleteStatement" name="test_delete_foreign_statement_404" time="0.121" /><testcase classname="tests.test_iteration18_p0.TestDeleteStatement" name="test_delete_own_statement_scoped" time="0.133" /><testcase classname="tests.test_iteration18_p0.TestDeleteStatement" name="test_unauthenticated_delete_rejected" time="0.291" /><testcase classname="tests.test_iteration18_p0.TestDeleteAllData" name="test_wipes_only_caller_data" time="1.418" /><testcase classname="tests.test_iteration18_p0.TestResolveDuplicate" name="test_missing_fields_422" time="1.010" /><testcase classname="tests.test_iteration18_p0.TestResolveDuplicate" name="test_same_id_400" time="0.031" /><testcase classname="tests.test_iteration18_p0.TestResolveDuplicate" name="test_foreign_id_404" time="0.066" /><testcase classname="tests.test_iteration18_p0.TestResolveDuplicate" name="test_valid_resolve" time="0.393" /><testcase classname="tests.test_iteration18_p0.TestWhatIfRegression" name="test_scenario_four_options" time="11.434" /><testcase classname="tests.test_iteration18_p0.TestWhatIfRegression" name="test_subscription" time="0.147" /><testcase classname="tests.test_iteration18_p0.TestWhatIfRegression" name="test_twin_projection" time="0.264" /><testcase classname="tests.test_iteration18_p0.TestGoalsRegression" name="test_goal_crud_and_reorder" time="1.117" /><testcase classname="tests.test_iteration18_p0.TestAuthAndSettingsRegression" name="test_auth_config" time="0.074" /><testcase classname="tests.test_iteration18_p0.TestAuthAndSettingsRegression" name="test_register_login_me_logout" time="1.209" /><testcase classname="tests.test_iteration18_p0.TestAuthAndSettingsRegression" name="test_existing_seeded_user_login" time="0.326" /><testcase classname="tests.test_iteration18_p0.TestAuthAndSettingsRegression" name="test_preferences_and_export" time="0.606" /><testcase classname="tests.test_iteration18_p0.TestDeleteDataMemories" name="test_memories_cleared" time="0.672" /><testcase classname="tests.test_iteration18_p0.TestBankAmountOnlyClassification" name="test_amount_only_bank_debits_not_income" time="0.503" /><testcase classname="tests.test_iteration18_falsepositive" name="test_conflicting_upi_refs_not_auto_deduped" time="0.000" /><testcase classname="tests.test_iteration18_falsepositive" name="test_generic_shared_token_alone_is_not_enough" time="0.000" /><testcase classname="tests.test_iteration19_verify.TestFix1BankAmountOnly" name="test_debits_expense_income_row_income" time="0.524" /><testcase classname="tests.test_iteration19_verify.TestFix1BankAmountOnly" name="test_overview_reflects_expense_totals" time="0.330" /><testcase classname="tests.test_iteration19_verify.TestFix2aRefVeto" name="test_distinct_refs_both_survive" time="0.888" /><testcase classname="tests.test_iteration19_verify.TestFix2bTokenOverlap" name="test_generic_pair_kept_as_possible" time="0.892" /><testcase classname="tests.test_iteration19_verify.TestFix2bTokenOverlap" name="test_real_merchant_match_still_dedupes" time="0.880" /><testcase classname="tests.test_iteration19_verify.TestFix2bTokenOverlap" name="test_merchant_in_description_only_still_dedupes" time="0.787" /><testcase classname="tests.test_iteration19_verify.TestFix3MemoryPurge" name="test_memories_purged_and_export_clean" time="0.809" /><testcase classname="tests.test_iteration19_verify.TestFix4ColumnMapping" name="test_description_not_mapped_to_credit" time="0.364" /><testcase classname="tests.test_iteration19_verify.TestFix4ColumnMapping" name="test_explicit_cr_dr_columns_still_map" time="0.136" /><testcase classname="tests.test_iteration19_units" name="test_generic_pair_scores_in_possible_band" time="0.000" /><testcase classname="tests.test_iteration19_units" name="test_merchant_match_with_ref_auto_dedupes" time="0.000" /><testcase classname="tests.test_iteration19_units" name="test_merchant_from_description_when_no_merchant_column" time="0.000" /><testcase classname="tests.test_iteration19_units" name="test_conflicting_refs_veto" time="0.000" /><testcase classname="tests.test_iteration19_units" name="test_txn_id_conflict_also_vetoes" time="0.000" /><testcase classname="tests.test_iteration19_units" name="test_bank_ref_only_still_matches_merchant" time="0.000" /><testcase classname="tests.test_iteration19_units" name="test_short_alias_word_boundary" time="0.000" /><testcase classname="tests.test_iteration19_units" name="test_bank_amount_only_direction_and_income_keywords" time="0.001" /><testcase classname="tests.test_iteration19_units" name="test_negative_amount_still_expense_and_explicit_type_wins" time="0.008" /></testsuite></testsuites>