<?xml version="1.0" encoding="utf-8"?><testsuites name="pytest tests"><testsuite name="pytest" errors="0" failures="1" skipped="0" tests="75" time="10.172" timestamp="2026-08-25T09:08:01.605203+00:00" hostname="agent-env-ec3cab9d-296d-431e-a21d-37896209ec78"><testcase classname="tests.test_iteration14_upi.TestRegressions" name="test_bank_flow_still_works" time="0.751" /><testcase classname="tests.test_iteration15_dedupe.TestResolveDuplicate" name="test_missing_drop_id_422" time="0.605" /><testcase classname="tests.test_iteration15_dedupe.TestResolveDuplicate" name="test_missing_keep_id_422" time="0.042" /><testcase classname="tests.test_iteration15_dedupe.TestResolveDuplicate" name="test_empty_body_422" time="0.049" /><testcase classname="tests.test_iteration15_dedupe.TestResolveDuplicate" name="test_same_id_400" time="0.050" /><testcase classname="tests.test_iteration14_upi.TestRegressions" name="test_no_double_count_when_dates_differ_by_days" time="0.379" /><testcase classname="tests.test_iteration15_dedupe.TestResolveDuplicate" name="test_bogus_keep_valid_drop_404_and_no_delete" time="0.084" /><testcase classname="tests.test_iteration15_dedupe.TestResolveDuplicate" name="test_valid_keep_bogus_drop_404" time="0.119" /><testcase classname="tests.test_iteration15_dedupe.TestResolveDuplicate" name="test_happy_path_200" time="0.100" /><testcase classname="tests.test_iteration15_dedupe.TestResolveDuplicate" name="test_requires_auth" time="0.096" /><testcase classname="tests.test_iteration14_upi.TestRegressions" name="test_goals_list" time="0.039" /><testcase classname="tests.test_iteration15_dedupe.TestDoubleCount" name="test_no_double_count_with_settlement_lag" time="0.139" /><testcase classname="tests.test_iteration14_upi.TestRegressions" name="test_whatif_subscription" time="0.033" /><testcase classname="tests.test_iteration14_upi.TestRegressions" name="test_whatif_twin" time="0.033" /><testcase classname="tests.test_iteration14_upi.TestRegressions" name="test_settings_preferences" time="0.033" /><testcase classname="tests.test_iteration14_upi.TestRegressions" name="test_google_start_redirects" time="0.074" /><testcase classname="tests.test_iteration15_dedupe.TestDoubleCount" name="test_exact_date_match_still_dedupes" time="0.047" /><testcase classname="tests.test_iteration15_dedupe.TestDoubleCount" name="test_bank_only_is_noop" time="0.044" /><testcase classname="tests.test_iteration14_upi.TestRegressions" name="test_demo_overview_public" time="0.092" /><testcase classname="tests.test_iteration15_dedupe.TestDoubleCount" name="test_non_matching_pairs_both_kept[upi_over0-amount mismatch]" time="0.052" /><testcase classname="tests.test_iteration15_dedupe.TestDoubleCount" name="test_non_matching_pairs_both_kept[upi_over1-type mismatch]" time="0.057" /><testcase classname="tests.test_iteration16_dedupe_boundary.TestScoreBoundaryUnit" name="test_ref_match_1day_scores_exactly_085_and_dedupes" time="0.061" /><testcase classname="tests.test_iteration15_dedupe.TestDoubleCount" name="test_non_matching_pairs_both_kept[upi_over2-date gap &gt; 3d]" time="0.054" /><testcase classname="tests.test_iteration16_dedupe_boundary.TestScoreBoundaryUnit" name="test_score_075_is_possible_and_not_deduped" time="0.053" /><testcase classname="tests.test_iteration15_dedupe.TestDoubleCount" name="test_possible_match_bank_row_behaviour" time="0.094" /><testcase classname="tests.test_iteration17_ledger.TestClassificationUnits" name="test_unknown_debit_is_misc_debit" time="0.000" /><testcase classname="tests.test_iteration17_ledger.TestClassificationUnits" name="test_unknown_credit_is_misc_credit" time="0.000" /><testcase classname="tests.test_iteration17_ledger.TestClassificationUnits" name="test_internal_transfer_detected" time="0.000" /><testcase classname="tests.test_iteration17_ledger.TestClassificationUnits" name="test_internal_transfer_credit_not_income" time="0.000" /><testcase classname="tests.test_iteration17_ledger.TestClassificationUnits" name="test_salary_credit_is_income" time="0.000" /><testcase classname="tests.test_iteration17_ledger.TestClassificationUnits" name="test_parse_csv_bank_debit_never_income" time="0.004" /><testcase classname="tests.test_iteration16_dedupe_boundary.TestScoreBoundaryUnit" name="test_bare_amount_date_match_scores_06_possible" time="0.094" /><testcase classname="tests.test_iteration16_dedupe_boundary.TestScoreBoundaryUnit" name="test_synthetic_084_not_deduped" time="0.008" /><testcase classname="tests.test_iteration16_dedupe_boundary.TestScoreBoundaryUnit" name="test_synthetic_085_deduped" time="0.007" /><testcase classname="tests.test_iteration16_dedupe_boundary.TestScoreBoundaryUnit" name="test_one_upi_cannot_consume_two_bank_rows" time="0.007" /><testcase classname="tests.test_iteration16_dedupe_boundary.TestScoreBoundaryUnit" name="test_missing_id_docs_are_skipped_not_crashing" time="0.006" /><testcase classname="tests.test_iteration14_upi.TestResolveDuplicate" name="test_resolve_duplicate_deletes_and_tags" time="0.724" /><testcase classname="tests.test_iteration14_upi.TestImportAndVerify" name="test_import_persists_upi_metadata" time="0.606" /><testcase classname="tests.test_iteration14_upi.TestImportAndVerify" name="test_verify_shape_and_verified_matches" time="0.035" /><testcase classname="tests.test_iteration14_upi.TestImportAndVerify" name="test_verify_month_filter" time="0.101" /><testcase classname="tests.test_iteration14_upi.TestImportAndVerify" name="test_verify_requires_auth" time="0.075" /><testcase classname="tests.test_iteration14_upi.TestResolveDuplicate" name="test_resolve_duplicate_foreign_id_404" time="0.072" /><testcase classname="tests.test_iteration14_upi.TestImportAndVerify" name="test_overview_dedupes_across_sources" time="0.031"><failure message="KeyError: 'source'">E   KeyError: 'source'</failure></testcase><testcase classname="tests.test_iteration14_upi.TestResolveDuplicate" name="test_resolve_duplicate_missing_fields_422" time="0.073" /><testcase classname="tests.test_iteration14_upi.TestResolveDuplicate" name="test_resolve_duplicate_requires_auth" time="0.264" /><testcase classname="tests.test_iteration16_dedupe_boundary.TestBoundaryApi" name="test_verified_pair_deduped_possible_pair_kept" time="0.654" /><testcase classname="tests.test_iteration16_dedupe_boundary.TestBoundaryApi" name="test_verify_does_not_leak_internal_id_sets" time="0.049" /><testcase classname="tests.test_iteration16_dedupe_boundary.TestBoundaryApi" name="test_legacy_doc_without_id_does_not_break_endpoints" time="0.095" /><testcase classname="tests.test_iteration16_dedupe_boundary.TestBoundaryApi" name="test_verify_month_scoping_unaffected" time="0.134" /><testcase classname="tests.test_iteration14_upi.TestUpiPreview" name="test_preview_upi_guess_has_upi_fields" time="0.136" /><testcase classname="tests.test_iteration17_ledger.TestStatementListDelete" name="test_list_statements" time="0.738" /><testcase classname="tests.test_iteration17_ledger.TestStatementListDelete" name="test_delete_foreign_statement_404" time="0.073" /><testcase classname="tests.test_iteration14_upi.TestUpiPreview" name="test_preview_bank_has_no_upi_fields" time="0.034" /><testcase classname="tests.test_iteration14_upi.TestUpiPreview" name="test_preview_requires_auth" time="0.123" /><testcase classname="tests.test_iteration17_ledger.TestStatementListDelete" name="test_delete_statement_scoped" time="0.097" /><testcase classname="tests.test_iteration17_ledger.TestStatementListDelete" name="test_delete_last_statement_leaves_empty_ledger" time="0.253" /><testcase classname="tests.test_iteration14_upi.TestUpiParse" name="test_parse_upi_fields_and_categories" time="0.115" /><testcase classname="tests.test_iteration14_upi.TestUpiParse" name="test_positive_amount_no_type_hint_defaults_expense" time="0.107" /><testcase classname="tests.test_iteration14_upi.TestUpiParse" name="test_parse_invalid_mapping_json_400" time="0.081" /><testcase classname="tests.test_iteration15_dedupe.TestMiscRegressions" name="test_auth_me_has_picture" time="0.543" /><testcase classname="tests.test_iteration17_ledger.TestDedupeBankThenUpi" name="test_bank_then_upi_merges_once" time="1.142" /><testcase classname="tests.test_iteration15_dedupe.TestMiscRegressions" name="test_google_start_302" time="0.079" /><testcase classname="tests.test_iteration15_dedupe.TestMiscRegressions" name="test_overview_shape" time="0.039" /><testcase classname="tests.test_iteration17_ledger.TestDedupeBankThenUpi" name="test_no_double_count_in_summary" time="0.147" /><testcase classname="tests.test_iteration17_ledger.TestVerifyRegression" name="test_verify_shape" time="0.778" /><testcase classname="tests.test_iteration17_ledger.TestVerifyRegression" name="test_preview_both_sources" time="0.459" /><testcase classname="tests.test_iteration17_ledger.TestDemoIsolation" name="test_demo_then_real_purges_demo" time="0.925" /><testcase classname="tests.test_iteration15_dedupe.TestVerifyPayload" name="test_no_internal_fields_leaked" time="0.068" /><testcase classname="tests.test_iteration17_ledger.TestDemoIsolation" name="test_demo_import_after_real_is_409" time="0.181" /><testcase classname="tests.test_iteration17_ledger.TestBankClassification" name="test_bank_import_classification" time="0.672" /><testcase classname="tests.test_iteration16_dedupe_boundary.TestResolveDuplicateRegression" name="test_422_400_404_and_happy_path" time="0.697" /><testcase classname="tests.test_iteration17_ledger.TestUpiClassification" name="test_upi_import_classification" time="0.807" /><testcase classname="tests.test_iteration17_ledger.TestDedupeUpiThenBank" name="test_upi_then_bank_merges_once" time="0.935" /><testcase classname="tests.test_iteration17_ledger.TestDedupePlainNarration" name="test_plain_narration_pair_is_deduped" time="1.073" /><testcase classname="tests.test_iteration17_demoflag" name="test_demo_only_user_flags" time="0.564" /></testsuite></testsuites>