<?xml version="1.0" encoding="utf-8"?><testsuites name="pytest tests"><testsuite name="pytest" errors="0" failures="0" skipped="0" tests="9" time="4.930" timestamp="2026-08-25T09:10:55.031799+00:00" hostname="agent-env-ec3cab9d-296d-431e-a21d-37896209ec78"><testcase classname="tests.test_iteration19_verify.TestFix1BankAmountOnly" name="test_debits_expense_income_row_income" time="1.613" /><testcase classname="tests.test_iteration19_verify.TestFix2bTokenOverlap" name="test_generic_pair_kept_as_possible" time="2.166" /><testcase classname="tests.test_iteration19_verify.TestFix1BankAmountOnly" name="test_overview_reflects_expense_totals" time="0.163" /><testcase classname="tests.test_iteration19_verify.TestFix4ColumnMapping" name="test_description_not_mapped_to_credit" time="0.386" /><testcase classname="tests.test_iteration19_verify.TestFix4ColumnMapping" name="test_explicit_cr_dr_columns_still_map" time="0.347" /><testcase classname="tests.test_iteration19_verify.TestFix2bTokenOverlap" name="test_real_merchant_match_still_dedupes" time="1.049" /><testcase classname="tests.test_iteration19_verify.TestFix2aRefVeto" name="test_distinct_refs_both_survive" time="1.055" /><testcase classname="tests.test_iteration19_verify.TestFix2bTokenOverlap" name="test_merchant_in_description_only_still_dedupes" time="1.071" /><testcase classname="tests.test_iteration19_verify.TestFix3MemoryPurge" name="test_memories_purged_and_export_clean" time="1.042" /></testsuite></testsuites>