<?xml version="1.0" encoding="utf-8"?><testsuites name="pytest tests"><testsuite name="pytest" errors="0" failures="0" skipped="6" tests="69" time="28.885" timestamp="2026-08-21T08:50:10.082901+00:00" hostname="agent-env-ec3cab9d-296d-431e-a21d-37896209ec78"><testcase classname="tests.test_phase3.TestPasskey" name="test_list_requires_jwt" time="0.327" /><testcase classname="tests.test_auth_phase2.TestRegisterLogin" name="test_register_returns_jwt_and_user" time="0.329" /><testcase classname="tests.test_phase3.TestPasskey" name="test_register_begin_requires_jwt" time="0.265" /><testcase classname="tests.test_auth_phase2.TestRegisterLogin" name="test_duplicate_register_409" time="0.372" /><testcase classname="tests.test_phase3.TestPasskey" name="test_all_endpoints_require_jwt" time="1.404" /><testcase classname="tests.test_auth_phase2.TestRegisterLogin" name="test_register_weak_password_422" time="0.120" /><testcase classname="tests.test_auth_phase2.TestRegisterLogin" name="test_login_success_and_me" time="0.623" /><testcase classname="tests.test_auth_phase2.TestRegisterLogin" name="test_login_wrong_password_401" time="0.550" /><testcase classname="tests.test_auth_phase2.TestRegisterLogin" name="test_me_without_token_401" time="0.035" /><testcase classname="tests.test_auth_phase2.TestRegisterLogin" name="test_me_bad_token_401" time="0.050" /><testcase classname="tests.test_auth_phase2.TestRegisterLogin" name="test_bruteforce_lockout_429" time="2.619" /><testcase classname="tests.test_phase3.TestPasskey" name="test_list_empty" time="1.399" /><testcase classname="tests.test_phase3.TestPasskey" name="test_register_begin_contract" time="0.343" /><testcase classname="tests.test_phase3.TestPasskey" name="test_register_complete_invalid_payload_is_400" time="0.531" /><testcase classname="tests.test_phase3.TestPasskey" name="test_authenticate_begin_404_without_credentials" time="0.287" /><testcase classname="tests.test_phase3.TestPasskey" name="test_delete_unknown_prefix_404" time="0.087" /><testcase classname="tests.test_auth_phase2.TestPin" name="test_set_verify_remove_pin" time="1.631" /><testcase classname="tests.test_auth_phase2.TestRegisterLogin" name="test_bcrypt_hash_format" time="0.689" /><testcase classname="tests.test_phase3.TestStatements" name="test_endpoints_require_jwt" time="0.808" /><testcase classname="tests.test_auth_phase2.TestPin" name="test_pin_hash_is_bcrypt" time="0.863" /><testcase classname="tests.test_phase3.TestStatements" name="test_csv_preview" time="0.668" /><testcase classname="tests.test_phase3.TestStatements" name="test_csv_parse" time="0.265" /><testcase classname="tests.test_phase3.TestStatements" name="test_confirm_import_persists" time="0.380" /><testcase classname="tests.test_auth_phase2.TestPin" name="test_pin_validation_rejects_non_4_digit" time="0.494" /><testcase classname="tests.test_phase3.TestStatements" name="test_unsupported_file_415" time="0.076" /><testcase classname="tests.test_phase3.TestStatements" name="test_oversize_file_413" time="0.372" /><testcase classname="tests.test_auth_phase2.TestPin" name="test_verify_pin_without_pin_set_400" time="0.429" /><testcase classname="tests.test_phase3.TestStatements" name="test_excel_preview_and_parse" time="1.446" /><testcase classname="tests.test_auth_phase2.TestPin" name="test_set_pin_requires_auth" time="0.038" /><testcase classname="tests.test_auth_phase2.TestPin" name="test_pin_lockout_after_5_failures" time="2.804" /><testcase classname="tests.test_phase3.TestStatements" name="test_pdf_preview" time="0.409" /><testcase classname="tests.test_auth_phase2.TestPasswordReset" name="test_forgot_password_generic_unknown_email" time="0.234" /><testcase classname="tests.test_auth_phase2.TestPasswordReset" name="test_forgot_password_existing_user" time="0.606" /><testcase classname="tests.test_auth_phase2.TestPasswordReset" name="test_reset_password_invalid_token_400" time="0.098" /><testcase classname="tests.test_auth_phase2.TestPasswordReset" name="test_verify_email_invalid_token_400" time="0.074" /><testcase classname="tests.test_auth_phase2.TestPasswordReset" name="test_reset_password_full_flow" time="0.525" /><testcase classname="tests.test_finaura_regression" name="test_overview_has_demo_profile_and_no_mongo_id" time="0.000"><skipped type="pytest.skip" message="Obsolete after Phase 2 auth: endpoints now require Bearer JWT; see test_auth_phase2.py">/app/backend/tests/test_finaura_regression.py:15: Obsolete after Phase 2 auth: endpoints now require Bearer JWT; see test_auth_phase2.py</skipped></testcase><testcase classname="tests.test_finaura_regression" name="test_create_goal_returns_serializable_goal" time="0.000"><skipped type="pytest.skip" message="Obsolete after Phase 2 auth: endpoints now require Bearer JWT; see test_auth_phase2.py">/app/backend/tests/test_finaura_regression.py:23: Obsolete after Phase 2 auth: endpoints now require Bearer JWT; see test_auth_phase2.py</skipped></testcase><testcase classname="tests.test_finaura_regression" name="test_transaction_category_persists_in_overview" time="0.000"><skipped type="pytest.skip" message="Obsolete after Phase 2 auth: endpoints now require Bearer JWT; see test_auth_phase2.py">/app/backend/tests/test_finaura_regression.py:33: Obsolete after Phase 2 auth: endpoints now require Bearer JWT; see test_auth_phase2.py</skipped></testcase><testcase classname="tests.test_finaura_regression" name="test_delete_financial_data_confirms_deletion" time="0.001"><skipped type="pytest.skip" message="Obsolete after Phase 2 auth: endpoints now require Bearer JWT; see test_auth_phase2.py">/app/backend/tests/test_finaura_regression.py:42: Obsolete after Phase 2 auth: endpoints now require Bearer JWT; see test_auth_phase2.py</skipped></testcase><testcase classname="tests.test_finaura_regression" name="test_chat_returns_configured_or_clear_unavailable_response" time="0.000"><skipped type="pytest.skip" message="Obsolete after Phase 2 auth: endpoints now require Bearer JWT; see test_auth_phase2.py">/app/backend/tests/test_finaura_regression.py:48: Obsolete after Phase 2 auth: endpoints now require Bearer JWT; see test_auth_phase2.py</skipped></testcase><testcase classname="tests.test_chat_models.TestAnonymousChat" name="test_openai_stream" time="0.934" /><testcase classname="tests.test_phase3.TestRegression" name="test_auth_config" time="0.086" /><testcase classname="tests.test_phase3.TestRegression" name="test_me_includes_has_passkey" time="0.083" /><testcase classname="tests.test_phase3.TestRegression" name="test_demo_overview_public" time="0.091" /><testcase classname="tests.test_phase3.TestRegression" name="test_goal_crud" time="0.305" /><testcase classname="tests.test_chat_models.TestAnonymousChat" name="test_claude_stream" time="2.200" /><testcase classname="tests.test_phase3.TestRegression" name="test_chat" time="2.901" /><testcase classname="tests.test_chat_models.TestAnonymousChat" name="test_unknown_model_falls_back" time="1.114" /><testcase classname="tests.test_auth_phase2.TestOnboarding" name="test_onboard_demo_seeds_data" time="0.446" /><testcase classname="tests.test_chat_models.TestAnonymousChat" name="test_no_model_field_defaults_openai" time="1.579" /><testcase classname="tests.test_auth_phase2.TestOnboarding" name="test_onboard_empty_no_data" time="0.422" /><testcase classname="tests.test_auth_phase2.TestOnboarding" name="test_demo_seed_ids_are_unique_uuid4_per_user" time="0.793" /><testcase classname="tests.test_auth_phase2.TestOAuthNotConfigured" name="test_google_503" time="0.073" /><testcase classname="tests.test_auth_phase2.TestOAuthNotConfigured" name="test_apple_503" time="0.030" /><testcase classname="tests.test_auth_phase2.TestPublicDemo" name="test_demo_overview_public" time="0.060" /><testcase classname="tests.test_auth_phase2.TestPublicDemo" name="test_protected_endpoints_require_auth" time="0.176" /><testcase classname="tests.test_auth_phase2.TestMultiTenancy" name="test_isolation_and_crud" time="1.728" /><testcase classname="tests.test_chat_models.TestAuthenticatedChat" name="test_claude_authenticated" time="4.285" /><testcase classname="tests.test_auth_phase2.TestMultiTenancy" name="test_delete_nonexistent_goal_404" time="0.331" /><testcase classname="tests.test_auth_phase2.TestChat" name="test_chat_demo_anonymous" time="2.644" /><testcase classname="tests.test_chat_models.TestAuthenticatedChat" name="test_openai_authenticated_no_model" time="0.918" /><testcase classname="tests.test_auth_phase2.TestChat" name="test_chat_authenticated" time="2.627" /><testcase classname="tests.test_chat_models.TestAuthenticatedChat" name="test_invalid_token_still_works_anonymously" time="4.851" /><testcase classname="tests.test_auth_phase2.TestConfig" name="test_auth_config_not_configured" time="0.443" /><testcase classname="tests.test_chat_models.TestChatModels" name="test_models_public" time="0.088" /><testcase classname="tests.test_phase3_passkey_state" name="test_registered_passkey_lifecycle" time="0.414"><skipped type="pytest.skip" message="no passkey registered — run the virtual-authenticator UI flow first">/app/backend/tests/test_phase3_passkey_state.py:30: no passkey registered — run the virtual-authenticator UI flow first</skipped></testcase><testcase classname="tests.test_auth_phase2.TestSeededUser" name="test_known_test_user_login" time="0.318" /><testcase classname="tests.test_phase3" name="test_webauthn_challenge_ttl_index" time="0.005" /></testsuite></testsuites>