<?xml version="1.0" encoding="utf-8"?><testsuites name="pytest tests"><testsuite name="pytest" errors="0" failures="0" skipped="0" tests="38" time="11.092" timestamp="2026-08-24T15:54:40.524680+00:00" hostname="agent-env-ec3cab9d-296d-431e-a21d-37896209ec78"><testcase classname="tests.test_iteration13.TestDigitalTwin" name="test_requires_auth" time="0.492" /><testcase classname="tests.test_iteration13.TestGoalPriorityPatch" name="test_patch_priority_only_persists" time="0.993" /><testcase classname="tests.test_iteration13.TestDigitalTwin" name="test_default_shape" time="0.418" /><testcase classname="tests.test_iteration13.TestDigitalTwin" name="test_scenarios_beat_baseline" time="0.035" /><testcase classname="tests.test_iteration13.TestDigitalTwin" name="test_lump_sum_scenario" time="0.035" /><testcase classname="tests.test_iteration13.TestDigitalTwin" name="test_overrides_applied" time="0.070" /><testcase classname="tests.test_iteration13.TestGoalPriorityPatch" name="test_all_three_priorities[High]" time="0.251" /><testcase classname="tests.test_iteration13.TestDigitalTwin" name="test_zero_savings_edge" time="0.030" /><testcase classname="tests.test_iteration13.TestDigitalTwin" name="test_validation_422[bad0]" time="0.072" /><testcase classname="tests.test_iteration13.TestDigitalTwin" name="test_validation_422[bad1]" time="0.033" /><testcase classname="tests.test_iteration13.TestDigitalTwin" name="test_validation_422[bad2]" time="0.073" /><testcase classname="tests.test_iteration13.TestGoalPriorityPatch" name="test_all_three_priorities[Medium]" time="0.214" /><testcase classname="tests.test_iteration13.TestDigitalTwin" name="test_does_not_mutate" time="0.213" /><testcase classname="tests.test_iteration13.TestGoalPriorityPatch" name="test_all_three_priorities[Low]" time="0.181" /><testcase classname="tests.test_iteration13.TestWhatIfSubscription" name="test_requires_auth" time="0.074" /><testcase classname="tests.test_iteration13.TestWhatIfSubscription" name="test_shape_and_math" time="0.034" /><testcase classname="tests.test_iteration13.TestWhatIfSubscription" name="test_validation_422[bad0]" time="0.099" /><testcase classname="tests.test_iteration13.TestGoalPriorityPatch" name="test_priority_change_does_not_move_card" time="0.399" /><testcase classname="tests.test_iteration13.TestWhatIfSubscription" name="test_validation_422[bad1]" time="0.032" /><testcase classname="tests.test_iteration13.TestWhatIfSubscription" name="test_validation_422[bad2]" time="0.032" /><testcase classname="tests.test_iteration13.TestWhatIfSubscription" name="test_validation_422[bad3]" time="0.031" /><testcase classname="tests.test_iteration13.TestWhatIfSubscription" name="test_validation_422[bad4]" time="0.032" /><testcase classname="tests.test_iteration13.TestWhatIfSubscription" name="test_does_not_mutate_goals_or_transactions" time="0.280" /><testcase classname="tests.test_iteration13.TestGoalPriorityPatch" name="test_patch_empty_body_400" time="0.145" /><testcase classname="tests.test_iteration13.TestRegressions" name="test_auth_me_has_picture" time="0.032" /><testcase classname="tests.test_iteration13.TestRegressions" name="test_auth_config" time="0.071" /><testcase classname="tests.test_iteration13.TestGoalPriorityPatch" name="test_patch_unknown_goal_404" time="0.072" /><testcase classname="tests.test_iteration13.TestRegressions" name="test_google_start_302" time="0.032" /><testcase classname="tests.test_iteration13.TestRegressions" name="test_demo_overview_public" time="0.035" /><testcase classname="tests.test_iteration13.TestGoalPriorityPatch" name="test_patch_requires_auth" time="0.122" /><testcase classname="tests.test_iteration13.TestRegressions" name="test_settings_preferences" time="0.032" /><testcase classname="tests.test_iteration13.TestRegressions" name="test_settings_export" time="0.037" /><testcase classname="tests.test_iteration13.TestRegressions" name="test_learn_articles" time="0.030" /><testcase classname="tests.test_iteration13.TestRegressions" name="test_purchase_scenario_still_4_options" time="8.359" /><testcase classname="tests.test_iteration13.TestGoalsCrudRegression" name="test_create_edit_delete" time="1.500" /><testcase classname="tests.test_iteration13.TestGoalsCrudRegression" name="test_reorder_persists" time="0.411" /><testcase classname="tests.test_iteration13.TestGoalsCrudRegression" name="test_reorder_foreign_id_404" time="0.151" /><testcase classname="tests.test_iteration13.TestGoalsCrudRegression" name="test_no_mongo_id_leak" time="0.034" /></testsuite></testsuites>