<?xml version="1.0" encoding="utf-8"?><testsuites name="pytest tests"><testsuite name="pytest" errors="0" failures="1" skipped="0" tests="23" time="3.429" timestamp="2026-08-24T16:29:17.181408+00:00" hostname="agent-env-ec3cab9d-296d-431e-a21d-37896209ec78"><testcase classname="tests.test_iteration14_upi.TestUpiPreview" name="test_preview_upi_guess_has_upi_fields" time="0.562" /><testcase classname="tests.test_iteration14_upi.TestUpiPreview" name="test_preview_bank_has_no_upi_fields" time="0.047" /><testcase classname="tests.test_iteration14_upi.TestUpiPreview" name="test_preview_requires_auth" time="0.085" /><testcase classname="tests.test_iteration14_upi.TestUpiParse" name="test_parse_upi_fields_and_categories" time="0.160" /><testcase classname="tests.test_iteration14_upi.TestUpiParse" name="test_positive_amount_no_type_hint_defaults_expense" time="0.163" /><testcase classname="tests.test_iteration14_upi.TestUpiParse" name="test_parse_invalid_mapping_json_400" time="0.081" /><testcase classname="tests.test_iteration14_upi.TestImportAndVerify" name="test_import_persists_upi_metadata" time="0.233" /><testcase classname="tests.test_iteration14_upi.TestImportAndVerify" name="test_verify_shape_and_verified_matches" time="0.037" /><testcase classname="tests.test_iteration14_upi.TestImportAndVerify" name="test_verify_month_filter" time="0.116" /><testcase classname="tests.test_iteration14_upi.TestImportAndVerify" name="test_verify_requires_auth" time="0.080" /><testcase classname="tests.test_iteration14_upi.TestImportAndVerify" name="test_overview_dedupes_across_sources" time="0.037" /><testcase classname="tests.test_iteration14_upi.TestResolveDuplicate" name="test_resolve_duplicate_deletes_and_tags" time="0.533" /><testcase classname="tests.test_iteration14_upi.TestResolveDuplicate" name="test_resolve_duplicate_foreign_id_404" time="0.039" /><testcase classname="tests.test_iteration14_upi.TestResolveDuplicate" name="test_resolve_duplicate_missing_fields_400" time="0.046" /><testcase classname="tests.test_iteration14_upi.TestResolveDuplicate" name="test_resolve_duplicate_requires_auth" time="0.103" /><testcase classname="tests.test_iteration14_upi.TestRegressions" name="test_bank_flow_still_works" time="0.155" /><testcase classname="tests.test_iteration14_upi.TestRegressions" name="test_no_double_count_when_dates_differ_by_days" time="0.455"><failure message="AssertionError: verified duplicate double-counted in analytics: [{'id': '37ac81b9-af6b-4ff4-a064-a5a416658771', 'date': '12 Aug 2026', 'description': 'TEST_Gym Pro', 'amount': 1500.0, 'type': 'Expense', 'category': 'Other', 'source': 'upi', 'upi_ref': '555444333222', 'txn_id': 'TESTG1', 'upi_id': 'gympro@ybl', 'merchant': 'TEST_Gym Pro', 'upi_app': 'ybl'}, {'id': 'cb2d0eec-b705-4e6f-abc2-92af4b44e8dd', 'date': '11 Aug 2026', 'description': 'UPI/TEST_Gym Pro/555444333222', 'amount': 1500.0, 'type': 'Expense', 'category': 'Other', 'source': 'bank'}]&#10;assert 2 == 1&#10; +  where 2 = len([{'id': '37ac81b9-af6b-4ff4-a064-a5a416658771', 'date': '12 Aug 2026', 'description': 'TEST_Gym Pro', 'amount': 1500.0...4e6f-abc2-92af4b44e8dd', 'date': '11 Aug 2026', 'description': 'UPI/TEST_Gym Pro/555444333222', 'amount': 1500.0, ...}])">E   AssertionError: verified duplicate double-counted in analytics: [{'id': '37ac81b9-af6b-4ff4-a064-a5a416658771', 'date': '12 Aug 2026', 'description': 'TEST_Gym Pro', 'amount': 1500.0, 'type': 'Expense', 'category': 'Other', 'source': 'upi', 'upi_ref': '555444333222', 'txn_id': 'TESTG1', 'upi_id': 'gympro@ybl', 'merchant': 'TEST_Gym Pro', 'upi_app': 'ybl'}, {'id': 'cb2d0eec-b705-4e6f-abc2-92af4b44e8dd', 'date': '11 Aug 2026', 'description': 'UPI/TEST_Gym Pro/555444333222', 'amount': 1500.0, 'type': 'Expense', 'category': 'Other', 'source': 'bank'}]
    assert 2 == 1
     +  where 2 = len([{'id': '37ac81b9-af6b-4ff4-a064-a5a416658771', 'date': '12 Aug 2026', 'description': 'TEST_Gym Pro', 'amount': 1500.0...4e6f-abc2-92af4b44e8dd', 'date': '11 Aug 2026', 'description': 'UPI/TEST_Gym Pro/555444333222', 'amount': 1500.0, ...}])</failure></testcase><testcase classname="tests.test_iteration14_upi.TestRegressions" name="test_goals_list" time="0.047" /><testcase classname="tests.test_iteration14_upi.TestRegressions" name="test_whatif_subscription" time="0.042" /><testcase classname="tests.test_iteration14_upi.TestRegressions" name="test_whatif_twin" time="0.043" /><testcase classname="tests.test_iteration14_upi.TestRegressions" name="test_settings_preferences" time="0.047" /><testcase classname="tests.test_iteration14_upi.TestRegressions" name="test_google_start_redirects" time="0.161" /><testcase classname="tests.test_iteration14_upi.TestRegressions" name="test_demo_overview_public" time="0.098" /></testsuite></testsuites>