<?xml version="1.0" encoding="utf-8"?><testsuites name="pytest tests"><testsuite name="pytest" errors="0" failures="0" skipped="0" tests="18" time="2.122" timestamp="2026-08-25T06:58:24.125031+00:00" hostname="agent-env-ec3cab9d-296d-431e-a21d-37896209ec78"><testcase classname="tests.test_iteration15_dedupe.TestDoubleCount" name="test_no_double_count_with_settlement_lag" time="0.752" /><testcase classname="tests.test_iteration15_dedupe.TestDoubleCount" name="test_exact_date_match_still_dedupes" time="0.049" /><testcase classname="tests.test_iteration15_dedupe.TestDoubleCount" name="test_bank_only_is_noop" time="0.070" /><testcase classname="tests.test_iteration15_dedupe.TestDoubleCount" name="test_non_matching_pairs_both_kept[upi_over0-amount mismatch]" time="0.067" /><testcase classname="tests.test_iteration15_dedupe.TestDoubleCount" name="test_non_matching_pairs_both_kept[upi_over1-type mismatch]" time="0.063" /><testcase classname="tests.test_iteration15_dedupe.TestDoubleCount" name="test_non_matching_pairs_both_kept[upi_over2-date gap &gt; 3d]" time="0.078" /><testcase classname="tests.test_iteration15_dedupe.TestVerifyPayload" name="test_no_internal_fields_leaked" time="0.051" /><testcase classname="tests.test_iteration15_dedupe.TestResolveDuplicate" name="test_missing_drop_id_422" time="0.037" /><testcase classname="tests.test_iteration15_dedupe.TestResolveDuplicate" name="test_missing_keep_id_422" time="0.077" /><testcase classname="tests.test_iteration15_dedupe.TestResolveDuplicate" name="test_empty_body_422" time="0.081" /><testcase classname="tests.test_iteration15_dedupe.TestResolveDuplicate" name="test_same_id_400" time="0.046" /><testcase classname="tests.test_iteration15_dedupe.TestResolveDuplicate" name="test_bogus_keep_valid_drop_404_and_no_delete" time="0.114" /><testcase classname="tests.test_iteration15_dedupe.TestResolveDuplicate" name="test_valid_keep_bogus_drop_404" time="0.053" /><testcase classname="tests.test_iteration15_dedupe.TestResolveDuplicate" name="test_happy_path_200" time="0.080" /><testcase classname="tests.test_iteration15_dedupe.TestResolveDuplicate" name="test_requires_auth" time="0.127" /><testcase classname="tests.test_iteration15_dedupe.TestMiscRegressions" name="test_auth_me_has_picture" time="0.039" /><testcase classname="tests.test_iteration15_dedupe.TestMiscRegressions" name="test_google_start_302" time="0.098" /><testcase classname="tests.test_iteration15_dedupe.TestMiscRegressions" name="test_overview_shape" time="0.045" /></testsuite></testsuites>