<?xml version="1.0" encoding="utf-8"?><testsuites name="pytest tests"><testsuite name="pytest" errors="0" failures="1" skipped="0" tests="23" time="3.429" timestamp="2026-08-25T06:56:59.355313+00:00" hostname="agent-env-ec3cab9d-296d-431e-a21d-37896209ec78"><testcase classname="tests.test_iteration14_upi.TestUpiPreview" name="test_preview_upi_guess_has_upi_fields" time="0.594" /><testcase classname="tests.test_iteration14_upi.TestUpiPreview" name="test_preview_bank_has_no_upi_fields" time="0.163" /><testcase classname="tests.test_iteration14_upi.TestUpiPreview" name="test_preview_requires_auth" time="0.106" /><testcase classname="tests.test_iteration14_upi.TestUpiParse" name="test_parse_upi_fields_and_categories" time="0.109" /><testcase classname="tests.test_iteration14_upi.TestUpiParse" name="test_positive_amount_no_type_hint_defaults_expense" time="0.232" /><testcase classname="tests.test_iteration14_upi.TestUpiParse" name="test_parse_invalid_mapping_json_400" time="0.036" /><testcase classname="tests.test_iteration14_upi.TestImportAndVerify" name="test_import_persists_upi_metadata" time="0.250" /><testcase classname="tests.test_iteration14_upi.TestImportAndVerify" name="test_verify_shape_and_verified_matches" time="0.031" /><testcase classname="tests.test_iteration14_upi.TestImportAndVerify" name="test_verify_month_filter" time="0.058" /><testcase classname="tests.test_iteration14_upi.TestImportAndVerify" name="test_verify_requires_auth" time="0.097" /><testcase classname="tests.test_iteration14_upi.TestImportAndVerify" name="test_overview_dedupes_across_sources" time="0.031" /><testcase classname="tests.test_iteration14_upi.TestResolveDuplicate" name="test_resolve_duplicate_deletes_and_tags" time="0.472" /><testcase classname="tests.test_iteration14_upi.TestResolveDuplicate" name="test_resolve_duplicate_foreign_id_404" time="0.029" /><testcase classname="tests.test_iteration14_upi.TestResolveDuplicate" name="test_resolve_duplicate_missing_fields_400" time="0.073"><failure message="assert 422 == 400&#10; +  where 422 = &lt;Response [422]&gt;.status_code">tests/test_iteration14_upi.py:307: in test_resolve_duplicate_missing_fields_400
    assert r.status_code == 400
E   assert 422 == 400
E    +  where 422 = &lt;Response [422]&gt;.status_code</failure></testcase><testcase classname="tests.test_iteration14_upi.TestResolveDuplicate" name="test_resolve_duplicate_requires_auth" time="0.073" /><testcase classname="tests.test_iteration14_upi.TestRegressions" name="test_bank_flow_still_works" time="0.212" /><testcase classname="tests.test_iteration14_upi.TestRegressions" name="test_no_double_count_when_dates_differ_by_days" time="0.292" /><testcase classname="tests.test_iteration14_upi.TestRegressions" name="test_goals_list" time="0.030" /><testcase classname="tests.test_iteration14_upi.TestRegressions" name="test_whatif_subscription" time="0.029" /><testcase classname="tests.test_iteration14_upi.TestRegressions" name="test_whatif_twin" time="0.029" /><testcase classname="tests.test_iteration14_upi.TestRegressions" name="test_settings_preferences" time="0.071" /><testcase classname="tests.test_iteration14_upi.TestRegressions" name="test_google_start_redirects" time="0.123" /><testcase classname="tests.test_iteration14_upi.TestRegressions" name="test_demo_overview_public" time="0.081" /></testsuite></testsuites>