<?xml version="1.0" encoding="utf-8"?><testsuites name="pytest tests"><testsuite name="pytest" errors="0" failures="0" skipped="0" tests="9" time="2.034" timestamp="2026-08-21T18:22:58.911670+00:00" hostname="agent-env-ec3cab9d-296d-431e-a21d-37896209ec78"><testcase classname="tests.test_iteration8.TestMemoryUpsertPreservation" name="test_upsert_preserves_id_and_created_at" time="0.789" /><testcase classname="tests.test_iteration8.TestLearnArticles" name="test_list_articles" time="1.263" /><testcase classname="tests.test_iteration8.TestLearnArticles" name="test_article_detail[emergency-funds]" time="0.031" /><testcase classname="tests.test_iteration8.TestLearnArticles" name="test_article_detail[mutual-funds-101]" time="0.035" /><testcase classname="tests.test_iteration8.TestLearnArticles" name="test_article_detail[compound-interest]" time="0.074" /><testcase classname="tests.test_iteration8.TestLearnArticles" name="test_article_detail[inflation-basics]" time="0.032" /><testcase classname="tests.test_iteration8.TestLearnArticles" name="test_article_detail[tax-regimes-fy-2025-26]" time="0.049" /><testcase classname="tests.test_iteration8.TestLearnArticles" name="test_article_detail[sip-vs-lump-sum]" time="0.039" /><testcase classname="tests.test_iteration8.TestLearnArticles" name="test_article_detail_unknown_returns_404" time="0.076" /></testsuite></testsuites>