<?xml version="1.0" encoding="utf-8"?><testsuites name="pytest tests"><testsuite name="pytest" errors="0" failures="2" skipped="0" tests="162" time="54.225" timestamp="2026-08-25T08:37:28.481236+00:00" hostname="agent-env-ec3cab9d-296d-431e-a21d-37896209ec78"><testcase classname="tests.test_iteration12.TestRegressionAuth" name="test_login_and_me" time="0.396" /><testcase classname="tests.test_iteration12.TestRegressionAuth" name="test_auth_config" time="0.041" /><testcase classname="tests.test_iteration12.TestRegressionAuth" name="test_google_start" time="0.049" /><testcase classname="tests.test_iteration12.TestRegressionAuth" name="test_google_legacy_bad_token" time="0.149" /><testcase classname="tests.test_iteration12.TestRegressionAuth" name="test_overview" time="0.046" /><testcase classname="tests.test_iteration12.TestRegressionAuth" name="test_overview_unauth" time="0.043" /><testcase classname="tests.test_iteration12.TestGoals" name="test_create_assigns_order_and_persists" time="0.167" /><testcase classname="tests.test_iteration12.TestGoals" name="test_create_validation" time="0.080" /><testcase classname="tests.test_iteration12.TestGoals" name="test_update_goal" time="0.135" /><testcase classname="tests.test_iteration12.TestGoals" name="test_update_cross_user_404" time="0.520" /><testcase classname="tests.test_iteration12.TestGoals" name="test_update_unknown_404" time="0.081" /><testcase classname="tests.test_iteration12.TestGoals" name="test_reorder_persists" time="0.273" /><testcase classname="tests.test_iteration12.TestGoals" name="test_reorder_unknown_id_404" time="0.117" /><testcase classname="tests.test_iteration12.TestGoals" name="test_reorder_other_user_id_404" time="0.239" /><testcase classname="tests.test_iteration12.TestGoals" name="test_reorder_empty_list" time="0.043" /><testcase classname="tests.test_iteration12.TestGoals" name="test_delete_cross_user_then_own" time="0.266" /><testcase classname="tests.test_iteration12.TestGoals" name="test_goals_unauth" time="0.042" /><testcase classname="tests.test_iteration12.TestGoals" name="test_empty_goals_user_overview" time="0.501" /><testcase classname="tests.test_iteration12.TestPreferences" name="test_defaults_for_new_user" time="0.045" /><testcase classname="tests.test_iteration12.TestPreferences" name="test_partial_update_currency" time="0.094" /><testcase classname="tests.test_iteration12.TestPreferences" name="test_deep_merge_notifications" time="0.091" /><testcase classname="tests.test_iteration12.TestPreferences" name="test_bad_theme_coerced" time="0.040" /><testcase classname="tests.test_iteration12.TestPreferences" name="test_bad_priority_coerced" time="0.039" /><testcase classname="tests.test_iteration12.TestPreferences" name="test_valid_theme_persists" time="0.083" /><testcase classname="tests.test_iteration12.TestPreferences" name="test_unauth" time="0.049" /><testcase classname="tests.test_iteration12.TestExport" name="test_export_shape_and_isolation" time="0.123" /><testcase classname="tests.test_iteration12.TestExport" name="test_export_unauth" time="0.077" /><testcase classname="tests.test_iteration12.TestWhatIfScenario" name="test_scenario_four_options" time="10.928" /><testcase classname="tests.test_iteration12.TestWhatIfScenario" name="test_scenario_validation" time="0.152" /><testcase classname="tests.test_iteration12.TestWhatIfScenario" name="test_scenario_new_user_no_profile_no_goals" time="9.949" /><testcase classname="tests.test_iteration12.TestWhatIfScenario" name="test_scenario_unauth" time="0.080" /><testcase classname="tests.test_iteration12.TestWhatIfScenario" name="test_apply_pins_memory_without_mutating" time="0.194" /><testcase classname="tests.test_iteration12.TestWhatIfScenario" name="test_apply_validation" time="0.114" /><testcase classname="tests.test_iteration12.TestWhatIfScenario" name="test_legacy_whatif_still_works" time="0.039" /><testcase classname="tests.test_iteration12.TestRegressionMisc" name="test_chat_models" time="0.079" /><testcase classname="tests.test_iteration12.TestRegressionMisc" name="test_chat_streams" time="1.621" /><testcase classname="tests.test_iteration12.TestRegressionMisc" name="test_learn_articles" time="0.047" /><testcase classname="tests.test_iteration12.TestRegressionMisc" name="test_learn_daily" time="0.036" /><testcase classname="tests.test_iteration12.TestRegressionMisc" name="test_demo_overview" time="0.041" /><testcase classname="tests.test_iteration12.TestRegressionMisc" name="test_memories_list" time="0.037" /><testcase classname="tests.test_iteration13.TestGoalPriorityPatch" name="test_patch_priority_only_persists" time="0.586" /><testcase classname="tests.test_iteration13.TestGoalPriorityPatch" name="test_all_three_priorities[High]" time="0.149" /><testcase classname="tests.test_iteration13.TestGoalPriorityPatch" name="test_all_three_priorities[Medium]" time="0.202" /><testcase classname="tests.test_iteration13.TestGoalPriorityPatch" name="test_all_three_priorities[Low]" time="0.205" /><testcase classname="tests.test_iteration13.TestGoalPriorityPatch" name="test_priority_change_does_not_move_card" time="0.388" /><testcase classname="tests.test_iteration13.TestGoalPriorityPatch" name="test_patch_empty_body_400" time="0.174" /><testcase classname="tests.test_iteration13.TestGoalPriorityPatch" name="test_patch_unknown_goal_404" time="0.032" /><testcase classname="tests.test_iteration13.TestGoalPriorityPatch" name="test_patch_requires_auth" time="0.078" /><testcase classname="tests.test_iteration13.TestGoalsCrudRegression" name="test_create_edit_delete" time="0.266" /><testcase classname="tests.test_iteration13.TestGoalsCrudRegression" name="test_reorder_persists" time="0.461" /><testcase classname="tests.test_iteration13.TestGoalsCrudRegression" name="test_reorder_foreign_id_404" time="0.140" /><testcase classname="tests.test_iteration13.TestGoalsCrudRegression" name="test_no_mongo_id_leak" time="0.033" /><testcase classname="tests.test_iteration13.TestWhatIfSubscription" name="test_requires_auth" time="0.048" /><testcase classname="tests.test_iteration13.TestWhatIfSubscription" name="test_shape_and_math" time="0.035" /><testcase classname="tests.test_iteration13.TestWhatIfSubscription" name="test_validation_422[bad0]" time="0.035" /><testcase classname="tests.test_iteration13.TestWhatIfSubscription" name="test_validation_422[bad1]" time="0.074" /><testcase classname="tests.test_iteration13.TestWhatIfSubscription" name="test_validation_422[bad2]" time="0.031" /><testcase classname="tests.test_iteration13.TestWhatIfSubscription" name="test_validation_422[bad3]" time="0.031" /><testcase classname="tests.test_iteration13.TestWhatIfSubscription" name="test_validation_422[bad4]" time="0.029" /><testcase classname="tests.test_iteration13.TestWhatIfSubscription" name="test_does_not_mutate_goals_or_transactions" time="0.298" /><testcase classname="tests.test_iteration13.TestDigitalTwin" name="test_requires_auth" time="0.039" /><testcase classname="tests.test_iteration13.TestDigitalTwin" name="test_default_shape" time="0.037" /><testcase classname="tests.test_iteration13.TestDigitalTwin" name="test_scenarios_beat_baseline" time="0.033" /><testcase classname="tests.test_iteration13.TestDigitalTwin" name="test_lump_sum_scenario" time="0.032" /><testcase classname="tests.test_iteration13.TestDigitalTwin" name="test_overrides_applied" time="0.063" /><testcase classname="tests.test_iteration13.TestDigitalTwin" name="test_zero_savings_edge" time="0.032" /><testcase classname="tests.test_iteration13.TestDigitalTwin" name="test_validation_422[bad0]" time="0.084" /><testcase classname="tests.test_iteration13.TestDigitalTwin" name="test_validation_422[bad1]" time="0.034" /><testcase classname="tests.test_iteration13.TestDigitalTwin" name="test_validation_422[bad2]" time="0.040" /><testcase classname="tests.test_iteration13.TestDigitalTwin" name="test_does_not_mutate" time="0.268" /><testcase classname="tests.test_iteration13.TestRegressions" name="test_auth_me_has_picture" time="0.061" /><testcase classname="tests.test_iteration13.TestRegressions" name="test_auth_config" time="0.063" /><testcase classname="tests.test_iteration13.TestRegressions" name="test_google_start_302" time="0.038" /><testcase classname="tests.test_iteration13.TestRegressions" name="test_demo_overview_public" time="0.037" /><testcase classname="tests.test_iteration13.TestRegressions" name="test_settings_preferences" time="0.033" /><testcase classname="tests.test_iteration13.TestRegressions" name="test_settings_export" time="0.069" /><testcase classname="tests.test_iteration13.TestRegressions" name="test_learn_articles" time="0.044" /><testcase classname="tests.test_iteration13.TestRegressions" name="test_purchase_scenario_still_4_options" time="8.540" /><testcase classname="tests.test_iteration14_upi.TestUpiPreview" name="test_preview_upi_guess_has_upi_fields" time="0.372" /><testcase classname="tests.test_iteration14_upi.TestUpiPreview" name="test_preview_bank_has_no_upi_fields" time="0.051" /><testcase classname="tests.test_iteration14_upi.TestUpiPreview" name="test_preview_requires_auth" time="0.070" /><testcase classname="tests.test_iteration14_upi.TestUpiParse" name="test_parse_upi_fields_and_categories" time="0.110" /><testcase classname="tests.test_iteration14_upi.TestUpiParse" name="test_positive_amount_no_type_hint_defaults_expense" time="0.108" /><testcase classname="tests.test_iteration14_upi.TestUpiParse" name="test_parse_invalid_mapping_json_400" time="0.031" /><testcase classname="tests.test_iteration14_upi.TestImportAndVerify" name="test_import_persists_upi_metadata" time="0.254" /><testcase classname="tests.test_iteration14_upi.TestImportAndVerify" name="test_verify_shape_and_verified_matches" time="0.034" /><testcase classname="tests.test_iteration14_upi.TestImportAndVerify" name="test_verify_month_filter" time="0.077" /><testcase classname="tests.test_iteration14_upi.TestImportAndVerify" name="test_verify_requires_auth" time="0.085" /><testcase classname="tests.test_iteration14_upi.TestImportAndVerify" name="test_overview_dedupes_across_sources" time="0.033" /><testcase classname="tests.test_iteration14_upi.TestResolveDuplicate" name="test_resolve_duplicate_deletes_and_tags" time="0.497" /><testcase classname="tests.test_iteration14_upi.TestResolveDuplicate" name="test_resolve_duplicate_foreign_id_404" time="0.072" /><testcase classname="tests.test_iteration14_upi.TestResolveDuplicate" name="test_resolve_duplicate_missing_fields_422" time="0.075" /><testcase classname="tests.test_iteration14_upi.TestResolveDuplicate" name="test_resolve_duplicate_requires_auth" time="0.085" /><testcase classname="tests.test_iteration14_upi.TestRegressions" name="test_bank_flow_still_works" time="0.175" /><testcase classname="tests.test_iteration14_upi.TestRegressions" name="test_no_double_count_when_dates_differ_by_days" time="0.390" /><testcase classname="tests.test_iteration14_upi.TestRegressions" name="test_goals_list" time="0.032" /><testcase classname="tests.test_iteration14_upi.TestRegressions" name="test_whatif_subscription" time="0.072" /><testcase classname="tests.test_iteration14_upi.TestRegressions" name="test_whatif_twin" time="0.031" /><testcase classname="tests.test_iteration14_upi.TestRegressions" name="test_settings_preferences" time="0.034" /><testcase classname="tests.test_iteration14_upi.TestRegressions" name="test_google_start_redirects" time="0.075" /><testcase classname="tests.test_iteration14_upi.TestRegressions" name="test_demo_overview_public" time="0.071" /><testcase classname="tests.test_iteration15_dedupe.TestDoubleCount" name="test_no_double_count_with_settlement_lag" time="0.418" /><testcase classname="tests.test_iteration15_dedupe.TestDoubleCount" name="test_exact_date_match_still_dedupes" time="0.042" /><testcase classname="tests.test_iteration15_dedupe.TestDoubleCount" name="test_bank_only_is_noop" time="0.044" /><testcase classname="tests.test_iteration15_dedupe.TestDoubleCount" name="test_non_matching_pairs_both_kept[upi_over0-amount mismatch]" time="0.041" /><testcase classname="tests.test_iteration15_dedupe.TestDoubleCount" name="test_non_matching_pairs_both_kept[upi_over1-type mismatch]" time="0.043" /><testcase classname="tests.test_iteration15_dedupe.TestDoubleCount" name="test_non_matching_pairs_both_kept[upi_over2-date gap &gt; 3d]" time="0.047" /><testcase classname="tests.test_iteration15_dedupe.TestDoubleCount" name="test_possible_match_bank_row_behaviour" time="0.073" /><testcase classname="tests.test_iteration15_dedupe.TestVerifyPayload" name="test_no_internal_fields_leaked" time="0.042" /><testcase classname="tests.test_iteration15_dedupe.TestResolveDuplicate" name="test_missing_drop_id_422" time="0.080" /><testcase classname="tests.test_iteration15_dedupe.TestResolveDuplicate" name="test_missing_keep_id_422" time="0.042" /><testcase classname="tests.test_iteration15_dedupe.TestResolveDuplicate" name="test_empty_body_422" time="0.043" /><testcase classname="tests.test_iteration15_dedupe.TestResolveDuplicate" name="test_same_id_400" time="0.082" /><testcase classname="tests.test_iteration15_dedupe.TestResolveDuplicate" name="test_bogus_keep_valid_drop_404_and_no_delete" time="0.074" /><testcase classname="tests.test_iteration15_dedupe.TestResolveDuplicate" name="test_valid_keep_bogus_drop_404" time="0.045" /><testcase classname="tests.test_iteration15_dedupe.TestResolveDuplicate" name="test_happy_path_200" time="0.075" /><testcase classname="tests.test_iteration15_dedupe.TestResolveDuplicate" name="test_requires_auth" time="0.112" /><testcase classname="tests.test_iteration15_dedupe.TestMiscRegressions" name="test_auth_me_has_picture" time="0.042" /><testcase classname="tests.test_iteration15_dedupe.TestMiscRegressions" name="test_google_start_302" time="0.085" /><testcase classname="tests.test_iteration15_dedupe.TestMiscRegressions" name="test_overview_shape" time="0.043" /><testcase classname="tests.test_iteration16_dedupe_boundary.TestScoreBoundaryUnit" name="test_ref_match_1day_scores_exactly_085_and_dedupes" time="0.007" /><testcase classname="tests.test_iteration16_dedupe_boundary.TestScoreBoundaryUnit" name="test_score_075_is_possible_and_not_deduped" time="0.007" /><testcase classname="tests.test_iteration16_dedupe_boundary.TestScoreBoundaryUnit" name="test_bare_amount_date_match_scores_06_possible" time="0.006" /><testcase classname="tests.test_iteration16_dedupe_boundary.TestScoreBoundaryUnit" name="test_synthetic_084_not_deduped" time="0.006" /><testcase classname="tests.test_iteration16_dedupe_boundary.TestScoreBoundaryUnit" name="test_synthetic_085_deduped" time="0.006" /><testcase classname="tests.test_iteration16_dedupe_boundary.TestScoreBoundaryUnit" name="test_one_upi_cannot_consume_two_bank_rows" time="0.006" /><testcase classname="tests.test_iteration16_dedupe_boundary.TestScoreBoundaryUnit" name="test_missing_id_docs_are_skipped_not_crashing" time="0.006" /><testcase classname="tests.test_iteration16_dedupe_boundary.TestBoundaryApi" name="test_verified_pair_deduped_possible_pair_kept" time="0.403" /><testcase classname="tests.test_iteration16_dedupe_boundary.TestBoundaryApi" name="test_verify_does_not_leak_internal_id_sets" time="0.086" /><testcase classname="tests.test_iteration16_dedupe_boundary.TestBoundaryApi" name="test_legacy_doc_without_id_does_not_break_endpoints" time="0.087" /><testcase classname="tests.test_iteration16_dedupe_boundary.TestBoundaryApi" name="test_verify_month_scoping_unaffected" time="0.127" /><testcase classname="tests.test_iteration16_dedupe_boundary.TestResolveDuplicateRegression" name="test_422_400_404_and_happy_path" time="0.463" /><testcase classname="tests.test_iteration17_demoflag" name="test_demo_only_user_flags" time="0.594"><failure message="AssertionError: demo-only user reported has_demo_data=False&#10;assert False is True">E   AssertionError: demo-only user reported has_demo_data=False
    assert False is True</failure></testcase><testcase classname="tests.test_iteration17_ledger.TestClassificationUnits" name="test_unknown_debit_is_misc_debit" time="0.000" /><testcase classname="tests.test_iteration17_ledger.TestClassificationUnits" name="test_unknown_credit_is_misc_credit" time="0.000" /><testcase classname="tests.test_iteration17_ledger.TestClassificationUnits" name="test_internal_transfer_detected" time="0.000" /><testcase classname="tests.test_iteration17_ledger.TestClassificationUnits" name="test_internal_transfer_credit_not_income" time="0.000" /><testcase classname="tests.test_iteration17_ledger.TestClassificationUnits" name="test_salary_credit_is_income" time="0.000" /><testcase classname="tests.test_iteration17_ledger.TestClassificationUnits" name="test_parse_csv_bank_debit_never_income" time="0.002" /><testcase classname="tests.test_iteration17_ledger.TestBankClassification" name="test_bank_import_classification" time="0.669" /><testcase classname="tests.test_iteration17_ledger.TestUpiClassification" name="test_upi_import_classification" time="0.605" /><testcase classname="tests.test_iteration17_ledger.TestDedupeBankThenUpi" name="test_bank_then_upi_merges_once" time="0.703" /><testcase classname="tests.test_iteration17_ledger.TestDedupeBankThenUpi" name="test_no_double_count_in_summary" time="0.148" /><testcase classname="tests.test_iteration17_ledger.TestDedupePlainNarration" name="test_plain_narration_pair_is_deduped" time="0.764"><failure message="AssertionError: Swiggy 450 counted twice (merged=0, expenses=36400.0); match score for plain narration + 2-day lag is 0.75 &lt; 0.85 threshold&#10;assert 2 == 1&#10; +  where 2 = len([{'id': '227d413f-d50e-4f33-b2e6-7d08b3a9a0d3', 'date': '10 Aug 2025', 'description': 'SWIGGY ORDER BLR', 'amount': 45..., {'id': '4deebf9f-74d1-42ad-a40f-fa3e03fd2f6e', 'date': '12 Aug 2025', 'description': 'Swiggy', 'amount': 450.0, ...}])">E   AssertionError: Swiggy 450 counted twice (merged=0, expenses=36400.0); match score for plain narration + 2-day lag is 0.75 &lt; 0.85 threshold
    assert 2 == 1
     +  where 2 = len([{'id': '227d413f-d50e-4f33-b2e6-7d08b3a9a0d3', 'date': '10 Aug 2025', 'description': 'SWIGGY ORDER BLR', 'amount': 45..., {'id': '4deebf9f-74d1-42ad-a40f-fa3e03fd2f6e', 'date': '12 Aug 2025', 'description': 'Swiggy', 'amount': 450.0, ...}])</failure></testcase><testcase classname="tests.test_iteration17_ledger.TestDedupeUpiThenBank" name="test_upi_then_bank_merges_once" time="0.906" /><testcase classname="tests.test_iteration17_ledger.TestDemoIsolation" name="test_demo_then_real_purges_demo" time="0.601" /><testcase classname="tests.test_iteration17_ledger.TestDemoIsolation" name="test_demo_import_after_real_is_409" time="0.146" /><testcase classname="tests.test_iteration17_ledger.TestStatementListDelete" name="test_list_statements" time="0.624" /><testcase classname="tests.test_iteration17_ledger.TestStatementListDelete" name="test_delete_foreign_statement_404" time="0.035" /><testcase classname="tests.test_iteration17_ledger.TestStatementListDelete" name="test_delete_statement_scoped" time="0.136" /><testcase classname="tests.test_iteration17_ledger.TestStatementListDelete" name="test_delete_last_statement_leaves_empty_ledger" time="0.203" /><testcase classname="tests.test_iteration17_ledger.TestVerifyRegression" name="test_verify_shape" time="0.617" /><testcase classname="tests.test_iteration17_ledger.TestVerifyRegression" name="test_preview_both_sources" time="0.233" /><testcase classname="tests.test_iteration8.TestMemoryUpsertPreservation" name="test_upsert_preserves_id_and_created_at" time="0.584" /><testcase classname="tests.test_iteration8.TestLearnArticles" name="test_list_articles" time="0.036" /><testcase classname="tests.test_iteration8.TestLearnArticles" name="test_article_detail[emergency-funds]" time="0.037" /><testcase classname="tests.test_iteration8.TestLearnArticles" name="test_article_detail[mutual-funds-101]" time="0.033" /><testcase classname="tests.test_iteration8.TestLearnArticles" name="test_article_detail[compound-interest]" time="0.030" /><testcase classname="tests.test_iteration8.TestLearnArticles" name="test_article_detail[inflation-basics]" time="0.070" /><testcase classname="tests.test_iteration8.TestLearnArticles" name="test_article_detail[tax-regimes-fy-2025-26]" time="0.033" /><testcase classname="tests.test_iteration8.TestLearnArticles" name="test_article_detail[sip-vs-lump-sum]" time="0.074" /><testcase classname="tests.test_iteration8.TestLearnArticles" name="test_article_detail_unknown_returns_404" time="0.081" /></testsuite></testsuites>