<?xml version="1.0" encoding="utf-8"?><testsuites name="pytest tests"><testsuite name="pytest" errors="0" failures="0" skipped="5" tests="38" time="18.823" timestamp="2026-08-23T14:42:26.832312+00:00" hostname="agent-env-ec3cab9d-296d-431e-a21d-37896209ec78"><testcase classname="tests.test_auth_phase2.TestPin" name="test_set_verify_remove_pin" time="2.184" /><testcase classname="tests.test_auth_phase2.TestRegisterLogin" name="test_register_returns_jwt_and_user" time="0.682" /><testcase classname="tests.test_auth_phase2.TestRegisterLogin" name="test_duplicate_register_409" time="0.731" /><testcase classname="tests.test_auth_phase2.TestRegisterLogin" name="test_register_weak_password_422" time="0.083" /><testcase classname="tests.test_auth_phase2.TestRegisterLogin" name="test_login_success_and_me" time="1.180" /><testcase classname="tests.test_auth_phase2.TestPin" name="test_pin_hash_is_bcrypt" time="0.793" /><testcase classname="tests.test_auth_phase2.TestRegisterLogin" name="test_login_wrong_password_401" time="0.955" /><testcase classname="tests.test_auth_phase2.TestPin" name="test_pin_validation_rejects_non_4_digit" time="0.834" /><testcase classname="tests.test_auth_phase2.TestRegisterLogin" name="test_me_without_token_401" time="0.037" /><testcase classname="tests.test_auth_phase2.TestRegisterLogin" name="test_me_bad_token_401" time="0.072" /><testcase classname="tests.test_auth_phase2.TestRegisterLogin" name="test_bruteforce_lockout_429" time="2.896" /><testcase classname="tests.test_auth_phase2.TestPin" name="test_verify_pin_without_pin_set_400" time="0.527" /><testcase classname="tests.test_auth_phase2.TestPin" name="test_set_pin_requires_auth" time="0.186" /><testcase classname="tests.test_auth_phase2.TestPin" name="test_pin_lockout_after_5_failures" time="3.094" /><testcase classname="tests.test_auth_phase2.TestRegisterLogin" name="test_bcrypt_hash_format" time="0.073" /><testcase classname="tests.test_auth_phase2.TestPasswordReset" name="test_forgot_password_generic_unknown_email" time="0.172" /><testcase classname="tests.test_auth_phase2.TestPasswordReset" name="test_forgot_password_existing_user" time="0.595" /><testcase classname="tests.test_auth_phase2.TestPasswordReset" name="test_reset_password_invalid_token_400" time="0.078" /><testcase classname="tests.test_auth_phase2.TestPasswordReset" name="test_verify_email_invalid_token_400" time="0.082" /><testcase classname="tests.test_finaura_regression" name="test_overview_has_demo_profile_and_no_mongo_id" time="0.000"><skipped type="pytest.skip" message="Obsolete after Phase 2 auth: endpoints now require Bearer JWT; see test_auth_phase2.py">/app/backend/tests/test_finaura_regression.py:15: Obsolete after Phase 2 auth: endpoints now require Bearer JWT; see test_auth_phase2.py</skipped></testcase><testcase classname="tests.test_finaura_regression" name="test_create_goal_returns_serializable_goal" time="0.000"><skipped type="pytest.skip" message="Obsolete after Phase 2 auth: endpoints now require Bearer JWT; see test_auth_phase2.py">/app/backend/tests/test_finaura_regression.py:23: Obsolete after Phase 2 auth: endpoints now require Bearer JWT; see test_auth_phase2.py</skipped></testcase><testcase classname="tests.test_finaura_regression" name="test_transaction_category_persists_in_overview" time="0.000"><skipped type="pytest.skip" message="Obsolete after Phase 2 auth: endpoints now require Bearer JWT; see test_auth_phase2.py">/app/backend/tests/test_finaura_regression.py:33: Obsolete after Phase 2 auth: endpoints now require Bearer JWT; see test_auth_phase2.py</skipped></testcase><testcase classname="tests.test_finaura_regression" name="test_delete_financial_data_confirms_deletion" time="0.000"><skipped type="pytest.skip" message="Obsolete after Phase 2 auth: endpoints now require Bearer JWT; see test_auth_phase2.py">/app/backend/tests/test_finaura_regression.py:42: Obsolete after Phase 2 auth: endpoints now require Bearer JWT; see test_auth_phase2.py</skipped></testcase><testcase classname="tests.test_finaura_regression" name="test_chat_returns_configured_or_clear_unavailable_response" time="0.000"><skipped type="pytest.skip" message="Obsolete after Phase 2 auth: endpoints now require Bearer JWT; see test_auth_phase2.py">/app/backend/tests/test_finaura_regression.py:48: Obsolete after Phase 2 auth: endpoints now require Bearer JWT; see test_auth_phase2.py</skipped></testcase><testcase classname="tests.test_auth_phase2.TestOAuthNotConfigured" name="test_google_rejects_fake_credential" time="0.377" /><testcase classname="tests.test_auth_phase2.TestPasswordReset" name="test_reset_password_full_flow" time="0.442" /><testcase classname="tests.test_auth_phase2.TestOAuthNotConfigured" name="test_apple_503" time="0.075" /><testcase classname="tests.test_auth_phase2.TestPublicDemo" name="test_demo_overview_public" time="0.034" /><testcase classname="tests.test_auth_phase2.TestOnboarding" name="test_onboard_demo_seeds_data" time="0.328" /><testcase classname="tests.test_auth_phase2.TestPublicDemo" name="test_protected_endpoints_require_auth" time="0.375" /><testcase classname="tests.test_auth_phase2.TestOnboarding" name="test_onboard_empty_no_data" time="0.786" /><testcase classname="tests.test_auth_phase2.TestMultiTenancy" name="test_isolation_and_crud" time="3.346" /><testcase classname="tests.test_auth_phase2.TestOnboarding" name="test_demo_seed_ids_are_unique_uuid4_per_user" time="0.742" /><testcase classname="tests.test_auth_phase2.TestChat" name="test_chat_demo_anonymous" time="4.716" /><testcase classname="tests.test_auth_phase2.TestMultiTenancy" name="test_delete_nonexistent_goal_404" time="0.369" /><testcase classname="tests.test_auth_phase2.TestConfig" name="test_auth_config_flags" time="0.168" /><testcase classname="tests.test_auth_phase2.TestChat" name="test_chat_authenticated" time="2.736" /><testcase classname="tests.test_auth_phase2.TestSeededUser" name="test_known_test_user_login" time="0.999" /></testsuite></testsuites>