<?xml version="1.0" encoding="utf-8"?><testsuites name="pytest tests"><testsuite name="pytest" errors="0" failures="0" skipped="0" tests="40" time="22.788" timestamp="2026-08-24T15:29:17.005349+00:00" hostname="agent-env-ec3cab9d-296d-431e-a21d-37896209ec78"><testcase classname="tests.test_iteration12.TestPreferences" name="test_defaults_for_new_user" time="0.804" /><testcase classname="tests.test_iteration12.TestGoals" name="test_create_assigns_order_and_persists" time="0.922" /><testcase classname="tests.test_iteration12.TestPreferences" name="test_partial_update_currency" time="0.113" /><testcase classname="tests.test_iteration12.TestPreferences" name="test_deep_merge_notifications" time="0.067" /><testcase classname="tests.test_iteration12.TestGoals" name="test_create_validation" time="0.074" /><testcase classname="tests.test_iteration12.TestPreferences" name="test_bad_theme_coerced" time="0.076" /><testcase classname="tests.test_iteration12.TestGoals" name="test_update_goal" time="0.154" /><testcase classname="tests.test_iteration12.TestPreferences" name="test_bad_priority_coerced" time="0.035" /><testcase classname="tests.test_iteration12.TestPreferences" name="test_valid_theme_persists" time="0.104" /><testcase classname="tests.test_iteration12.TestPreferences" name="test_unauth" time="0.209" /><testcase classname="tests.test_iteration12.TestGoals" name="test_update_cross_user_404" time="0.681" /><testcase classname="tests.test_iteration12.TestGoals" name="test_update_unknown_404" time="0.033" /><testcase classname="tests.test_iteration12.TestWhatIfScenario" name="test_scenario_four_options" time="10.244" /><testcase classname="tests.test_iteration12.TestGoals" name="test_reorder_persists" time="1.532" /><testcase classname="tests.test_iteration12.TestGoals" name="test_reorder_unknown_id_404" time="0.112" /><testcase classname="tests.test_iteration12.TestGoals" name="test_reorder_other_user_id_404" time="0.111" /><testcase classname="tests.test_iteration12.TestGoals" name="test_reorder_empty_list" time="0.077" /><testcase classname="tests.test_iteration12.TestGoals" name="test_delete_cross_user_then_own" time="0.219" /><testcase classname="tests.test_iteration12.TestGoals" name="test_goals_unauth" time="0.032" /><testcase classname="tests.test_iteration12.TestGoals" name="test_empty_goals_user_overview" time="0.471" /><testcase classname="tests.test_iteration12.TestRegressionAuth" name="test_login_and_me" time="0.036" /><testcase classname="tests.test_iteration12.TestRegressionAuth" name="test_auth_config" time="0.057" /><testcase classname="tests.test_iteration12.TestRegressionAuth" name="test_google_start" time="0.036" /><testcase classname="tests.test_iteration12.TestRegressionAuth" name="test_google_legacy_bad_token" time="0.125" /><testcase classname="tests.test_iteration12.TestRegressionAuth" name="test_overview" time="0.044" /><testcase classname="tests.test_iteration12.TestRegressionAuth" name="test_overview_unauth" time="0.033" /><testcase classname="tests.test_iteration12.TestRegressionMisc" name="test_chat_models" time="0.075" /><testcase classname="tests.test_iteration12.TestRegressionMisc" name="test_chat_streams" time="2.723" /><testcase classname="tests.test_iteration12.TestRegressionMisc" name="test_learn_articles" time="0.034" /><testcase classname="tests.test_iteration12.TestRegressionMisc" name="test_learn_daily" time="0.074" /><testcase classname="tests.test_iteration12.TestRegressionMisc" name="test_demo_overview" time="0.033" /><testcase classname="tests.test_iteration12.TestRegressionMisc" name="test_memories_list" time="0.062" /><testcase classname="tests.test_iteration12.TestExport" name="test_export_shape_and_isolation" time="0.078" /><testcase classname="tests.test_iteration12.TestExport" name="test_export_unauth" time="0.033" /><testcase classname="tests.test_iteration12.TestWhatIfScenario" name="test_scenario_validation" time="0.449" /><testcase classname="tests.test_iteration12.TestWhatIfScenario" name="test_scenario_new_user_no_profile_no_goals" time="9.870" /><testcase classname="tests.test_iteration12.TestWhatIfScenario" name="test_scenario_unauth" time="0.032" /><testcase classname="tests.test_iteration12.TestWhatIfScenario" name="test_apply_pins_memory_without_mutating" time="0.251" /><testcase classname="tests.test_iteration12.TestWhatIfScenario" name="test_apply_validation" time="0.111" /><testcase classname="tests.test_iteration12.TestWhatIfScenario" name="test_legacy_whatif_still_works" time="0.039" /></testsuite></testsuites>