<?xml version="1.0" encoding="utf-8"?><testsuites name="pytest tests"><testsuite name="pytest" errors="0" failures="0" skipped="0" tests="25" time="3.952" timestamp="2026-08-23T14:41:09.051269+00:00" hostname="agent-env-ec3cab9d-296d-431e-a21d-37896209ec78"><testcase classname="tests.test_google_oauth_authcode.TestRegression" name="test_register_new_user" time="0.508" /><testcase classname="tests.test_google_oauth_authcode.TestGoogleCallbackErrors" name="test_user_cancellation" time="0.433" /><testcase classname="tests.test_google_oauth_authcode.TestGoogleCallbackErrors" name="test_generic_google_error" time="0.072" /><testcase classname="tests.test_google_oauth_authcode.TestGoogleCallbackErrors" name="test_missing_code_or_state" time="0.082" /><testcase classname="tests.test_google_oauth_authcode.TestRegression" name="test_login_existing_user" time="0.303" /><testcase classname="tests.test_google_oauth_authcode.TestGoogleCallbackErrors" name="test_missing_state_only" time="0.223" /><testcase classname="tests.test_google_oauth_authcode.TestGoogleCallbackErrors" name="test_unknown_state" time="0.077" /><testcase classname="tests.test_google_oauth_authcode.TestRegression" name="test_legacy_google_idtoken_endpoint_rejects_fake" time="0.208" /><testcase classname="tests.test_google_oauth_authcode.TestGoogleCallbackErrors" name="test_valid_state_bogus_code_fails_token_exchange_without_leaking" time="0.515" /><testcase classname="tests.test_google_oauth_authcode.TestRegression" name="test_me_includes_picture" time="0.387" /><testcase classname="tests.test_google_oauth_authcode.TestGoogleCallbackErrors" name="test_state_is_single_use" time="0.299" /><testcase classname="tests.test_google_oauth_authcode.TestRegression" name="test_me_unauthenticated" time="0.124" /><testcase classname="tests.test_google_oauth_authcode.TestRegression" name="test_financial_overview" time="0.281" /><testcase classname="tests.test_google_oauth_authcode.TestGoogleCallbackErrors" name="test_cookie_state_mismatch_rejected" time="0.214" /><testcase classname="tests.test_google_oauth_authcode.TestRegression" name="test_goals_crud" time="0.399" /><testcase classname="tests.test_google_oauth_authcode.TestGoogleCallbackErrors" name="test_callback_never_returns_5xx" time="0.372" /><testcase classname="tests.test_google_oauth_authcode.TestGoogleStart" name="test_start_redirects_to_google_with_correct_params" time="0.040" /><testcase classname="tests.test_google_oauth_authcode.TestGoogleStart" name="test_start_sets_httponly_lax_secure_state_cookie" time="0.082" /><testcase classname="tests.test_google_oauth_authcode.TestAuthConfig" name="test_config_exposes_authcode_flag_and_public_client_id" time="0.070" /><testcase classname="tests.test_google_oauth_authcode.TestGoogleStart" name="test_start_states_are_unique" time="0.231" /><testcase classname="tests.test_google_oauth_authcode.TestAuthConfig" name="test_config_has_no_secret" time="0.032" /><testcase classname="tests.test_google_oauth_authcode.TestNoSecretLeak" name="test_no_secret_in_any_auth_response" time="0.334" /><testcase classname="tests.test_google_oauth_authcode.TestGoogleStart" name="test_start_remembers_next_param" time="0.380" /><testcase classname="tests.test_google_oauth_authcode.TestNoSecretLeak" name="test_no_secret_in_backend_logs" time="0.005" /><testcase classname="tests.test_google_oauth_authcode.TestIndexes" name="test_oauth_states_indexes" time="0.672" /></testsuite></testsuites>