<?xml version="1.0" encoding="utf-8"?><testsuites name="pytest tests"><testsuite name="pytest" errors="0" failures="0" skipped="0" tests="27" time="11.787" timestamp="2026-08-21T18:23:07.154529+00:00" hostname="agent-env-ec3cab9d-296d-431e-a21d-37896209ec78"><testcase classname="tests.test_phase4.TestRegression" name="test_demo_overview" time="0.129" /><testcase classname="tests.test_phase4.TestMemories" name="test_requires_jwt" time="0.110" /><testcase classname="tests.test_phase4.TestRegression" name="test_auth_config" time="0.289" /><testcase classname="tests.test_phase4.TestMemories" name="test_create_list_upsert" time="0.807" /><testcase classname="tests.test_phase4.TestRegression" name="test_auth_me" time="0.367" /><testcase classname="tests.test_phase4.TestRegression" name="test_goals_crud" time="0.421" /><testcase classname="tests.test_phase4.TestMemories" name="test_invalid_category_rejected" time="0.080" /><testcase classname="tests.test_phase4.TestMemories" name="test_patch_and_delete" time="0.425" /><testcase classname="tests.test_phase4.TestRegression" name="test_passkey_state" time="0.078" /><testcase classname="tests.test_phase4.TestRegression" name="test_statements_import_demo" time="0.040" /><testcase classname="tests.test_phase4.TestLearn" name="test_list_articles" time="0.103" /><testcase classname="tests.test_phase4.TestLearn" name="test_article_detail" time="0.278" /><testcase classname="tests.test_phase4.TestLearn" name="test_article_404" time="0.144" /><testcase classname="tests.test_phase4.TestMemories" name="test_two_user_isolation" time="0.535" /><testcase classname="tests.test_phase4.TestLearn" name="test_daily_deterministic" time="0.208" /><testcase classname="tests.test_phase4.TestMemories" name="test_clear_all" time="0.154" /><testcase classname="tests.test_phase4.TestChat" name="test_models_endpoint" time="0.139" /><testcase classname="tests.test_phase4.TestWhatIf" name="test_requires_jwt" time="0.079" /><testcase classname="tests.test_phase4.TestWhatIf" name="test_projection" time="0.039" /><testcase classname="tests.test_phase4.TestChat" name="test_memory_retrieval_in_chat" time="4.113" /><testcase classname="tests.test_phase4.TestWhatIf" name="test_zero_savings_no_goal" time="0.038" /><testcase classname="tests.test_phase4.TestWhatIf" name="test_validation" time="0.082" /><testcase classname="tests.test_phase4.TestProfile" name="test_requires_jwt" time="0.074" /><testcase classname="tests.test_phase4.TestProfile" name="test_patch_persists_new_fields" time="3.028" /><testcase classname="tests.test_phase4.TestProfile" name="test_partial_patch_keeps_other_fields" time="0.198" /><testcase classname="tests.test_phase4.TestChat" name="test_tax_context_slabs" time="3.317" /><testcase classname="tests.test_phase4.TestChat" name="test_demo_chat_anonymous" time="1.714" /></testsuite></testsuites>