<?xml version="1.0" encoding="utf-8"?><testsuites name="pytest tests"><testsuite name="pytest" errors="0" failures="1" skipped="6" tests="61" time="21.807" timestamp="2026-08-21T07:08:51.534759+00:00" hostname="agent-env-ec3cab9d-296d-431e-a21d-37896209ec78"><testcase classname="tests.test_phase3.TestPasskey" name="test_list_requires_jwt" time="0.484" /><testcase classname="tests.test_auth_phase2.TestRegisterLogin" name="test_register_returns_jwt_and_user" time="0.485" /><testcase classname="tests.test_phase3.TestPasskey" name="test_register_begin_requires_jwt" time="0.263" /><testcase classname="tests.test_auth_phase2.TestRegisterLogin" name="test_duplicate_register_409" time="0.386" /><testcase classname="tests.test_phase3.TestPasskey" name="test_all_endpoints_require_jwt" time="0.859" /><testcase classname="tests.test_auth_phase2.TestRegisterLogin" name="test_register_weak_password_422" time="0.075" /><testcase classname="tests.test_auth_phase2.TestRegisterLogin" name="test_login_success_and_me" time="0.692" /><testcase classname="tests.test_auth_phase2.TestRegisterLogin" name="test_login_wrong_password_401" time="0.788" /><testcase classname="tests.test_phase3.TestPasskey" name="test_list_empty" time="0.783" /><testcase classname="tests.test_phase3.TestPasskey" name="test_register_begin_contract" time="0.071" /><testcase classname="tests.test_auth_phase2.TestRegisterLogin" name="test_me_without_token_401" time="0.032" /><testcase classname="tests.test_auth_phase2.TestRegisterLogin" name="test_me_bad_token_401" time="0.035" /><testcase classname="tests.test_phase3.TestPasskey" name="test_register_complete_invalid_payload_is_400" time="0.599" /><testcase classname="tests.test_auth_phase2.TestRegisterLogin" name="test_bruteforce_lockout_429" time="2.123" /><testcase classname="tests.test_phase3.TestPasskey" name="test_authenticate_begin_404_without_credentials" time="0.072" /><testcase classname="tests.test_phase3.TestPasskey" name="test_delete_unknown_prefix_404" time="0.227" /><testcase classname="tests.test_auth_phase2.TestPin" name="test_set_verify_remove_pin" time="2.199" /><testcase classname="tests.test_auth_phase2.TestRegisterLogin" name="test_bcrypt_hash_format" time="0.905" /><testcase classname="tests.test_phase3.TestStatements" name="test_endpoints_require_jwt" time="0.630" /><testcase classname="tests.test_auth_phase2.TestPin" name="test_pin_hash_is_bcrypt" time="0.644" /><testcase classname="tests.test_auth_phase2.TestPin" name="test_pin_validation_rejects_non_4_digit" time="0.699" /><testcase classname="tests.test_phase3.TestStatements" name="test_csv_preview" time="0.552" /><testcase classname="tests.test_phase3.TestStatements" name="test_csv_parse" time="0.082" /><testcase classname="tests.test_phase3.TestStatements" name="test_confirm_import_persists" time="0.376" /><testcase classname="tests.test_auth_phase2.TestPin" name="test_verify_pin_without_pin_set_400" time="0.341" /><testcase classname="tests.test_phase3.TestStatements" name="test_unsupported_file_415" time="0.106" /><testcase classname="tests.test_auth_phase2.TestPin" name="test_set_pin_requires_auth" time="0.074" /><testcase classname="tests.test_phase3.TestStatements" name="test_oversize_file_413" time="0.365" /><testcase classname="tests.test_auth_phase2.TestPin" name="test_pin_lockout_after_5_failures" time="2.502" /><testcase classname="tests.test_phase3.TestStatements" name="test_excel_preview_and_parse" time="0.955" /><testcase classname="tests.test_phase3.TestStatements" name="test_pdf_preview" time="0.305"><failure message="AssertionError: {'id': '8736fc27-fd93-45e9-8e73-92964791561a', 'date': '01 Aug 2026', 'description': 'SWIGGY DINNER DR', 'amount': 450.0, ...}&#10;assert 'Income' == 'Expense'&#10;  &#10;  - Expense&#10;  + Income">E   AssertionError: {'id': '8736fc27-fd93-45e9-8e73-92964791561a', 'date': '01 Aug 2026', 'description': 'SWIGGY DINNER DR', 'amount': 450.0, ...}
    assert 'Income' == 'Expense'
      
      - Expense
      + Income</failure></testcase><testcase classname="tests.test_finaura_regression" name="test_overview_has_demo_profile_and_no_mongo_id" time="0.000"><skipped type="pytest.skip" message="Obsolete after Phase 2 auth: endpoints now require Bearer JWT; see test_auth_phase2.py">/app/backend/tests/test_finaura_regression.py:15: Obsolete after Phase 2 auth: endpoints now require Bearer JWT; see test_auth_phase2.py</skipped></testcase><testcase classname="tests.test_finaura_regression" name="test_create_goal_returns_serializable_goal" time="0.000"><skipped type="pytest.skip" message="Obsolete after Phase 2 auth: endpoints now require Bearer JWT; see test_auth_phase2.py">/app/backend/tests/test_finaura_regression.py:23: Obsolete after Phase 2 auth: endpoints now require Bearer JWT; see test_auth_phase2.py</skipped></testcase><testcase classname="tests.test_finaura_regression" name="test_transaction_category_persists_in_overview" time="0.000"><skipped type="pytest.skip" message="Obsolete after Phase 2 auth: endpoints now require Bearer JWT; see test_auth_phase2.py">/app/backend/tests/test_finaura_regression.py:33: Obsolete after Phase 2 auth: endpoints now require Bearer JWT; see test_auth_phase2.py</skipped></testcase><testcase classname="tests.test_finaura_regression" name="test_delete_financial_data_confirms_deletion" time="0.000"><skipped type="pytest.skip" message="Obsolete after Phase 2 auth: endpoints now require Bearer JWT; see test_auth_phase2.py">/app/backend/tests/test_finaura_regression.py:42: Obsolete after Phase 2 auth: endpoints now require Bearer JWT; see test_auth_phase2.py</skipped></testcase><testcase classname="tests.test_finaura_regression" name="test_chat_returns_configured_or_clear_unavailable_response" time="0.000"><skipped type="pytest.skip" message="Obsolete after Phase 2 auth: endpoints now require Bearer JWT; see test_auth_phase2.py">/app/backend/tests/test_finaura_regression.py:48: Obsolete after Phase 2 auth: endpoints now require Bearer JWT; see test_auth_phase2.py</skipped></testcase><testcase classname="tests.test_phase3.TestRegression" name="test_auth_config" time="0.268" /><testcase classname="tests.test_phase3.TestRegression" name="test_me_includes_has_passkey" time="0.271" /><testcase classname="tests.test_phase3.TestRegression" name="test_demo_overview_public" time="0.260" /><testcase classname="tests.test_phase3.TestRegression" name="test_goal_crud" time="0.146" /><testcase classname="tests.test_auth_phase2.TestPasswordReset" name="test_forgot_password_generic_unknown_email" time="0.079" /><testcase classname="tests.test_phase3.TestRegression" name="test_chat" time="3.839" /><testcase classname="tests.test_auth_phase2.TestPasswordReset" name="test_forgot_password_existing_user" time="1.733" /><testcase classname="tests.test_auth_phase2.TestPasswordReset" name="test_reset_password_invalid_token_400" time="0.039" /><testcase classname="tests.test_auth_phase2.TestPasswordReset" name="test_verify_email_invalid_token_400" time="0.041" /><testcase classname="tests.test_auth_phase2.TestPasswordReset" name="test_reset_password_full_flow" time="0.320" /><testcase classname="tests.test_auth_phase2.TestOAuthNotConfigured" name="test_google_503" time="0.037" /><testcase classname="tests.test_auth_phase2.TestOAuthNotConfigured" name="test_apple_503" time="0.040" /><testcase classname="tests.test_auth_phase2.TestPublicDemo" name="test_demo_overview_public" time="0.041" /><testcase classname="tests.test_auth_phase2.TestPublicDemo" name="test_protected_endpoints_require_auth" time="0.189" /><testcase classname="tests.test_auth_phase2.TestMultiTenancy" name="test_isolation_and_crud" time="1.764" /><testcase classname="tests.test_auth_phase2.TestOnboarding" name="test_onboard_demo_seeds_data" time="0.678" /><testcase classname="tests.test_auth_phase2.TestMultiTenancy" name="test_delete_nonexistent_goal_404" time="0.293" /><testcase classname="tests.test_auth_phase2.TestOnboarding" name="test_onboard_empty_no_data" time="0.483" /><testcase classname="tests.test_auth_phase2.TestChat" name="test_chat_demo_anonymous" time="2.971" /><testcase classname="tests.test_auth_phase2.TestOnboarding" name="test_demo_seed_ids_are_unique_uuid4_per_user" time="0.765" /><testcase classname="tests.test_auth_phase2.TestConfig" name="test_auth_config_not_configured" time="0.256" /><testcase classname="tests.test_phase3" name="test_webauthn_challenge_ttl_index" time="0.006" /><testcase classname="tests.test_phase3_passkey_state" name="test_registered_passkey_lifecycle" time="0.390"><skipped type="pytest.skip" message="no passkey registered — run the virtual-authenticator UI flow first">/app/backend/tests/test_phase3_passkey_state.py:30: no passkey registered — run the virtual-authenticator UI flow first</skipped></testcase><testcase classname="tests.test_auth_phase2.TestChat" name="test_chat_authenticated" time="2.810" /><testcase classname="tests.test_auth_phase2.TestSeededUser" name="test_known_test_user_login" time="0.920" /></testsuite></testsuites>