<?xml version="1.0" encoding="utf-8"?><testsuites name="pytest tests"><testsuite name="pytest" errors="0" failures="0" skipped="0" tests="27" time="11.560" timestamp="2026-08-21T12:43:10.936998+00:00" hostname="agent-env-ec3cab9d-296d-431e-a21d-37896209ec78"><testcase classname="tests.test_phase4.TestRegression" name="test_demo_overview" time="1.732" /><testcase classname="tests.test_phase4.TestMemories" name="test_requires_jwt" time="1.009" /><testcase classname="tests.test_phase4.TestMemories" name="test_create_list_upsert" time="0.678" /><testcase classname="tests.test_phase4.TestMemories" name="test_invalid_category_rejected" time="0.077" /><testcase classname="tests.test_phase4.TestRegression" name="test_auth_config" time="0.128" /><testcase classname="tests.test_phase4.TestMemories" name="test_patch_and_delete" time="0.616" /><testcase classname="tests.test_phase4.TestRegression" name="test_auth_me" time="0.375" /><testcase classname="tests.test_phase4.TestRegression" name="test_goals_crud" time="0.488" /><testcase classname="tests.test_phase4.TestMemories" name="test_two_user_isolation" time="0.595" /><testcase classname="tests.test_phase4.TestRegression" name="test_passkey_state" time="0.033" /><testcase classname="tests.test_phase4.TestRegression" name="test_statements_import_demo" time="0.073" /><testcase classname="tests.test_phase4.TestWhatIf" name="test_requires_jwt" time="0.086" /><testcase classname="tests.test_phase4.TestWhatIf" name="test_projection" time="0.033" /><testcase classname="tests.test_phase4.TestWhatIf" name="test_zero_savings_no_goal" time="0.072" /><testcase classname="tests.test_phase4.TestMemories" name="test_clear_all" time="0.096" /><testcase classname="tests.test_phase4.TestWhatIf" name="test_validation" time="0.077" /><testcase classname="tests.test_phase4.TestLearn" name="test_list_articles" time="0.078" /><testcase classname="tests.test_phase4.TestChat" name="test_models_endpoint" time="0.098" /><testcase classname="tests.test_phase4.TestLearn" name="test_article_detail" time="0.078" /><testcase classname="tests.test_phase4.TestChat" name="test_memory_retrieval_in_chat" time="2.513" /><testcase classname="tests.test_phase4.TestLearn" name="test_article_404" time="0.124" /><testcase classname="tests.test_phase4.TestLearn" name="test_daily_deterministic" time="1.467" /><testcase classname="tests.test_phase4.TestProfile" name="test_requires_jwt" time="0.087" /><testcase classname="tests.test_phase4.TestProfile" name="test_patch_persists_new_fields" time="0.105" /><testcase classname="tests.test_phase4.TestProfile" name="test_partial_patch_keeps_other_fields" time="0.172" /><testcase classname="tests.test_phase4.TestChat" name="test_tax_context_slabs" time="3.914" /><testcase classname="tests.test_phase4.TestChat" name="test_demo_chat_anonymous" time="1.141" /></testsuite></testsuites>