<?xml version="1.0" encoding="utf-8"?><testsuites name="pytest tests"><testsuite name="pytest" errors="0" failures="1" skipped="0" tests="22" time="6.925" timestamp="2026-08-21T07:00:55.123669+00:00" hostname="agent-env-ec3cab9d-296d-431e-a21d-37896209ec78"><testcase classname="tests.test_phase3.TestStatements" name="test_endpoints_require_jwt" time="0.341" /><testcase classname="tests.test_phase3.TestPasskey" name="test_list_requires_jwt" time="0.203" /><testcase classname="tests.test_phase3.TestPasskey" name="test_register_begin_requires_jwt" time="0.066" /><testcase classname="tests.test_phase3.TestPasskey" name="test_all_endpoints_require_jwt" time="0.764" /><testcase classname="tests.test_phase3.TestStatements" name="test_csv_preview" time="0.481" /><testcase classname="tests.test_phase3.TestStatements" name="test_csv_parse" time="0.087" /><testcase classname="tests.test_phase3.TestStatements" name="test_confirm_import_persists" time="0.162" /><testcase classname="tests.test_phase3.TestStatements" name="test_unsupported_file_415" time="0.265" /><testcase classname="tests.test_phase3.TestStatements" name="test_oversize_file_413" time="0.254" /><testcase classname="tests.test_phase3.TestPasskey" name="test_list_empty" time="0.412" /><testcase classname="tests.test_phase3.TestPasskey" name="test_register_begin_contract" time="0.111" /><testcase classname="tests.test_phase3.TestPasskey" name="test_register_complete_invalid_payload_is_400" time="0.226" /><testcase classname="tests.test_phase3.TestStatements" name="test_excel_preview_and_parse" time="0.683" /><testcase classname="tests.test_phase3.TestPasskey" name="test_authenticate_begin_404_without_credentials" time="0.099" /><testcase classname="tests.test_phase3.TestPasskey" name="test_delete_unknown_prefix_404" time="0.088" /><testcase classname="tests.test_phase3" name="test_webauthn_challenge_ttl_index" time="0.119" /><testcase classname="tests.test_phase3.TestStatements" name="test_pdf_preview" time="0.139"><failure message="AssertionError: {'id': 'd29fc43c-f685-43b8-9fbc-c67f100d64d0', 'date': '01 Aug 2026', 'description': 'SWIGGY DINNER DR', 'amount': 450.0, ...}&#10;assert 'Income' == 'Expense'&#10;  &#10;  - Expense&#10;  + Income">E   AssertionError: {'id': 'd29fc43c-f685-43b8-9fbc-c67f100d64d0', 'date': '01 Aug 2026', 'description': 'SWIGGY DINNER DR', 'amount': 450.0, ...}
    assert 'Income' == 'Expense'
      
      - Expense
      + Income</failure></testcase><testcase classname="tests.test_phase3.TestRegression" name="test_auth_config" time="0.071" /><testcase classname="tests.test_phase3.TestRegression" name="test_me_includes_has_passkey" time="0.086" /><testcase classname="tests.test_phase3.TestRegression" name="test_demo_overview_public" time="0.087" /><testcase classname="tests.test_phase3.TestRegression" name="test_goal_crud" time="0.163" /><testcase classname="tests.test_phase3.TestRegression" name="test_chat" time="3.401" /></testsuite></testsuites>