<?xml version="1.0" encoding="utf-8"?><testsuites name="pytest tests"><testsuite name="pytest" errors="0" failures="0" skipped="0" tests="5" time="13.743" timestamp="2026-08-20T06:38:48.520907+00:00" hostname="agent-env-ec3cab9d-296d-431e-a21d-37896209ec78"><testcase classname="tests.test_finaura_regression" name="test_overview_has_demo_profile_and_no_mongo_id" time="0.137" /><testcase classname="tests.test_finaura_regression" name="test_create_goal_returns_serializable_goal" time="0.091" /><testcase classname="tests.test_finaura_regression" name="test_transaction_category_persists_in_overview" time="0.310" /><testcase classname="tests.test_finaura_regression" name="test_delete_financial_data_confirms_deletion" time="0.102" /><testcase classname="tests.test_finaura_regression" name="test_chat_returns_configured_or_clear_unavailable_response" time="12.500" /></testsuite></testsuites>