<?xml version="1.0" encoding="utf-8"?><testsuites name="pytest tests"><testsuite name="pytest" errors="0" failures="0" skipped="6" tests="69" time="26.344" timestamp="2026-08-21T12:43:31.177669+00:00" hostname="agent-env-ec3cab9d-296d-431e-a21d-37896209ec78"><testcase classname="tests.test_phase3.TestPasskey" name="test_list_requires_jwt" time="0.346" /><testcase classname="tests.test_auth_phase2.TestRegisterLogin" name="test_register_returns_jwt_and_user" time="0.348" /><testcase classname="tests.test_phase3.TestPasskey" name="test_register_begin_requires_jwt" time="0.264" /><testcase classname="tests.test_auth_phase2.TestRegisterLogin" name="test_duplicate_register_409" time="0.344" /><testcase classname="tests.test_phase3.TestPasskey" name="test_all_endpoints_require_jwt" time="0.839" /><testcase classname="tests.test_auth_phase2.TestRegisterLogin" name="test_register_weak_password_422" time="0.040" /><testcase classname="tests.test_auth_phase2.TestRegisterLogin" name="test_login_success_and_me" time="0.718" /><testcase classname="tests.test_auth_phase2.TestRegisterLogin" name="test_login_wrong_password_401" time="0.753" /><testcase classname="tests.test_phase3.TestPasskey" name="test_list_empty" time="0.754" /><testcase classname="tests.test_auth_phase2.TestRegisterLogin" name="test_me_without_token_401" time="0.040" /><testcase classname="tests.test_phase3.TestPasskey" name="test_register_begin_contract" time="0.082" /><testcase classname="tests.test_auth_phase2.TestRegisterLogin" name="test_me_bad_token_401" time="0.078" /><testcase classname="tests.test_phase3.TestPasskey" name="test_register_complete_invalid_payload_is_400" time="0.583" /><testcase classname="tests.test_auth_phase2.TestRegisterLogin" name="test_bruteforce_lockout_429" time="2.143" /><testcase classname="tests.test_phase3.TestPasskey" name="test_authenticate_begin_404_without_credentials" time="0.263" /><testcase classname="tests.test_phase3.TestPasskey" name="test_delete_unknown_prefix_404" time="0.073" /><testcase classname="tests.test_auth_phase2.TestPin" name="test_set_verify_remove_pin" time="2.242" /><testcase classname="tests.test_auth_phase2.TestRegisterLogin" name="test_bcrypt_hash_format" time="1.000" /><testcase classname="tests.test_auth_phase2.TestPin" name="test_pin_hash_is_bcrypt" time="0.685" /><testcase classname="tests.test_phase3.TestStatements" name="test_endpoints_require_jwt" time="0.660" /><testcase classname="tests.test_auth_phase2.TestPin" name="test_pin_validation_rejects_non_4_digit" time="0.648" /><testcase classname="tests.test_phase3.TestStatements" name="test_csv_preview" time="0.581" /><testcase classname="tests.test_phase3.TestStatements" name="test_csv_parse" time="0.075" /><testcase classname="tests.test_auth_phase2.TestPin" name="test_verify_pin_without_pin_set_400" time="0.356" /><testcase classname="tests.test_phase3.TestStatements" name="test_confirm_import_persists" time="0.368" /><testcase classname="tests.test_auth_phase2.TestPin" name="test_set_pin_requires_auth" time="0.078" /><testcase classname="tests.test_phase3.TestStatements" name="test_unsupported_file_415" time="0.118" /><testcase classname="tests.test_auth_phase2.TestPin" name="test_pin_lockout_after_5_failures" time="3.520" /><testcase classname="tests.test_phase3.TestStatements" name="test_oversize_file_413" time="0.547" /><testcase classname="tests.test_phase3.TestStatements" name="test_excel_preview_and_parse" time="1.335" /><testcase classname="tests.test_phase3.TestStatements" name="test_pdf_preview" time="0.552" /><testcase classname="tests.test_auth_phase2.TestPasswordReset" name="test_forgot_password_generic_unknown_email" time="0.249" /><testcase classname="tests.test_auth_phase2.TestPasswordReset" name="test_forgot_password_existing_user" time="0.348" /><testcase classname="tests.test_auth_phase2.TestPasswordReset" name="test_reset_password_invalid_token_400" time="0.031" /><testcase classname="tests.test_auth_phase2.TestPasswordReset" name="test_verify_email_invalid_token_400" time="0.035" /><testcase classname="tests.test_auth_phase2.TestPasswordReset" name="test_reset_password_full_flow" time="0.418" /><testcase classname="tests.test_phase3.TestRegression" name="test_auth_config" time="0.089" /><testcase classname="tests.test_finaura_regression" name="test_overview_has_demo_profile_and_no_mongo_id" time="0.000"><skipped type="pytest.skip" message="Obsolete after Phase 2 auth: endpoints now require Bearer JWT; see test_auth_phase2.py">/app/backend/tests/test_finaura_regression.py:15: Obsolete after Phase 2 auth: endpoints now require Bearer JWT; see test_auth_phase2.py</skipped></testcase><testcase classname="tests.test_finaura_regression" name="test_create_goal_returns_serializable_goal" time="0.000"><skipped type="pytest.skip" message="Obsolete after Phase 2 auth: endpoints now require Bearer JWT; see test_auth_phase2.py">/app/backend/tests/test_finaura_regression.py:23: Obsolete after Phase 2 auth: endpoints now require Bearer JWT; see test_auth_phase2.py</skipped></testcase><testcase classname="tests.test_finaura_regression" name="test_transaction_category_persists_in_overview" time="0.000"><skipped type="pytest.skip" message="Obsolete after Phase 2 auth: endpoints now require Bearer JWT; see test_auth_phase2.py">/app/backend/tests/test_finaura_regression.py:33: Obsolete after Phase 2 auth: endpoints now require Bearer JWT; see test_auth_phase2.py</skipped></testcase><testcase classname="tests.test_finaura_regression" name="test_delete_financial_data_confirms_deletion" time="0.000"><skipped type="pytest.skip" message="Obsolete after Phase 2 auth: endpoints now require Bearer JWT; see test_auth_phase2.py">/app/backend/tests/test_finaura_regression.py:42: Obsolete after Phase 2 auth: endpoints now require Bearer JWT; see test_auth_phase2.py</skipped></testcase><testcase classname="tests.test_finaura_regression" name="test_chat_returns_configured_or_clear_unavailable_response" time="0.000"><skipped type="pytest.skip" message="Obsolete after Phase 2 auth: endpoints now require Bearer JWT; see test_auth_phase2.py">/app/backend/tests/test_finaura_regression.py:48: Obsolete after Phase 2 auth: endpoints now require Bearer JWT; see test_auth_phase2.py</skipped></testcase><testcase classname="tests.test_chat_models.TestAnonymousChat" name="test_openai_stream" time="0.923" /><testcase classname="tests.test_phase3.TestRegression" name="test_me_includes_has_passkey" time="0.072" /><testcase classname="tests.test_phase3.TestRegression" name="test_demo_overview_public" time="0.084" /><testcase classname="tests.test_phase3.TestRegression" name="test_goal_crud" time="0.166" /><testcase classname="tests.test_phase3.TestRegression" name="test_chat" time="1.872" /><testcase classname="tests.test_chat_models.TestAnonymousChat" name="test_claude_stream" time="2.060" /><testcase classname="tests.test_auth_phase2.TestOnboarding" name="test_onboard_demo_seeds_data" time="0.485" /><testcase classname="tests.test_auth_phase2.TestOnboarding" name="test_onboard_empty_no_data" time="0.394" /><testcase classname="tests.test_chat_models.TestAnonymousChat" name="test_unknown_model_falls_back" time="1.157" /><testcase classname="tests.test_auth_phase2.TestOnboarding" name="test_demo_seed_ids_are_unique_uuid4_per_user" time="1.111" /><testcase classname="tests.test_chat_models.TestAnonymousChat" name="test_no_model_field_defaults_openai" time="1.262" /><testcase classname="tests.test_chat_models.TestAuthenticatedChat" name="test_claude_authenticated" time="4.042" /><testcase classname="tests.test_auth_phase2.TestOAuthNotConfigured" name="test_google_503" time="0.153" /><testcase classname="tests.test_auth_phase2.TestOAuthNotConfigured" name="test_apple_503" time="0.031" /><testcase classname="tests.test_auth_phase2.TestPublicDemo" name="test_demo_overview_public" time="0.031" /><testcase classname="tests.test_auth_phase2.TestPublicDemo" name="test_protected_endpoints_require_auth" time="0.134" /><testcase classname="tests.test_auth_phase2.TestMultiTenancy" name="test_isolation_and_crud" time="1.425" /><testcase classname="tests.test_auth_phase2.TestMultiTenancy" name="test_delete_nonexistent_goal_404" time="0.344" /><testcase classname="tests.test_auth_phase2.TestChat" name="test_chat_demo_anonymous" time="3.358" /><testcase classname="tests.test_chat_models.TestAuthenticatedChat" name="test_openai_authenticated_no_model" time="1.287" /><testcase classname="tests.test_chat_models.TestAuthenticatedChat" name="test_invalid_token_still_works_anonymously" time="4.643" /><testcase classname="tests.test_auth_phase2.TestChat" name="test_chat_authenticated" time="3.136" /><testcase classname="tests.test_phase3" name="test_webauthn_challenge_ttl_index" time="0.004" /><testcase classname="tests.test_chat_models.TestChatModels" name="test_models_public" time="0.091" /><testcase classname="tests.test_auth_phase2.TestConfig" name="test_auth_config_not_configured" time="0.239" /><testcase classname="tests.test_auth_phase2.TestSeededUser" name="test_known_test_user_login" time="0.303" /><testcase classname="tests.test_phase3_passkey_state" name="test_registered_passkey_lifecycle" time="0.579"><skipped type="pytest.skip" message="no passkey registered — run the virtual-authenticator UI flow first">/app/backend/tests/test_phase3_passkey_state.py:30: no passkey registered — run the virtual-authenticator UI flow first</skipped></testcase></testsuite></testsuites>